[0.041s] Invoking command in '/home/kowshikraj/robot_ws/build/nav_goal_sender': CMAKE_PREFIX_PATH=${CMAKE_PREFIX_PATH}:/home/kowshikraj/robot_ws/install/obstacle_avoidance:/opt/ros/jazzy /usr/bin/cmake --build /home/kowshikraj/robot_ws/build/nav_goal_sender -- -j12 -l12
[0.141s] [100%] Built target nav_goal_sender
[0.510s] Invoked command in '/home/kowshikraj/robot_ws/build/nav_goal_sender' returned '0': CMAKE_PREFIX_PATH=${CMAKE_PREFIX_PATH}:/home/kowshikraj/robot_ws/install/obstacle_avoidance:/opt/ros/jazzy /usr/bin/cmake --build /home/kowshikraj/robot_ws/build/nav_goal_sender -- -j12 -l12
[0.513s] Invoking command in '/home/kowshikraj/robot_ws/build/nav_goal_sender': CMAKE_PREFIX_PATH=${CMAKE_PREFIX_PATH}:/home/kowshikraj/robot_ws/install/obstacle_avoidance:/opt/ros/jazzy /usr/bin/cmake --install /home/kowshikraj/robot_ws/build/nav_goal_sender
[0.527s] -- Install configuration: ""
[0.527s] -- Execute custom install script
[0.528s] -- Up-to-date symlink: /home/kowshikraj/robot_ws/install/nav_goal_sender/lib/nav_goal_sender/nav_goal_sender
[0.528s] -- Up-to-date symlink: /home/kowshikraj/robot_ws/install/nav_goal_sender/share/ament_index/resource_index/package_run_dependencies/nav_goal_sender
[0.528s] -- Up-to-date symlink: /home/kowshikraj/robot_ws/install/nav_goal_sender/share/ament_index/resource_index/parent_prefix_path/nav_goal_sender
[0.529s] -- Up-to-date symlink: /home/kowshikraj/robot_ws/install/nav_goal_sender/share/nav_goal_sender/environment/ament_prefix_path.sh
[0.529s] -- Up-to-date symlink: /home/kowshikraj/robot_ws/install/nav_goal_sender/share/nav_goal_sender/environment/ament_prefix_path.dsv
[0.529s] -- Up-to-date symlink: /home/kowshikraj/robot_ws/install/nav_goal_sender/share/nav_goal_sender/environment/path.sh
[0.529s] -- Up-to-date symlink: /home/kowshikraj/robot_ws/install/nav_goal_sender/share/nav_goal_sender/environment/path.dsv
[0.530s] -- Up-to-date symlink: /home/kowshikraj/robot_ws/install/nav_goal_sender/share/nav_goal_sender/local_setup.bash
[0.530s] -- Up-to-date symlink: /home/kowshikraj/robot_ws/install/nav_goal_sender/share/nav_goal_sender/local_setup.sh
[0.530s] -- Up-to-date symlink: /home/kowshikraj/robot_ws/install/nav_goal_sender/share/nav_goal_sender/local_setup.zsh
[0.531s] -- Up-to-date symlink: /home/kowshikraj/robot_ws/install/nav_goal_sender/share/nav_goal_sender/local_setup.dsv
[0.531s] -- Symlinking: /home/kowshikraj/robot_ws/install/nav_goal_sender/share/nav_goal_sender/package.dsv
[0.547s] -- Up-to-date symlink: /home/kowshikraj/robot_ws/install/nav_goal_sender/share/ament_index/resource_index/packages/nav_goal_sender
[0.548s] -- Up-to-date symlink: /home/kowshikraj/robot_ws/install/nav_goal_sender/share/nav_goal_sender/cmake/nav_goal_senderConfig.cmake
[0.549s] -- Up-to-date symlink: /home/kowshikraj/robot_ws/install/nav_goal_sender/share/nav_goal_sender/cmake/nav_goal_senderConfig-version.cmake
[0.549s] -- Up-to-date symlink: /home/kowshikraj/robot_ws/install/nav_goal_sender/share/nav_goal_sender/package.xml
[0.574s] Invoked command in '/home/kowshikraj/robot_ws/build/nav_goal_sender' returned '0': CMAKE_PREFIX_PATH=${CMAKE_PREFIX_PATH}:/home/kowshikraj/robot_ws/install/obstacle_avoidance:/opt/ros/jazzy /usr/bin/cmake --install /home/kowshikraj/robot_ws/build/nav_goal_sender
