-- The C compiler identification is GNU 13.3.0
-- The CXX compiler identification is GNU 13.3.0
-- Detecting C compiler ABI info
-- Detecting C compiler ABI info - done
-- Check for working C compiler: /usr/bin/cc - skipped
-- Detecting C compile features
-- Detecting C compile features - done
-- Detecting CXX compiler ABI info
-- Detecting CXX compiler ABI info - done
-- Check for working CXX compiler: /usr/bin/c++ - skipped
-- Detecting CXX compile features
-- Detecting CXX compile features - done
-- Found ament_cmake: 2.5.6 (/opt/ros/jazzy/share/ament_cmake/cmake)
-- Found Python3: /usr/bin/python3 (found version "3.12.3") found components: Interpreter 
-- Override CMake install command with custom implementation using symlinks instead of copying resources
-- Found rclcpp: 28.1.18 (/opt/ros/jazzy/share/rclcpp/cmake)
-- Found rosidl_generator_c: 4.6.7 (/opt/ros/jazzy/share/rosidl_generator_c/cmake)
-- Found rosidl_generator_cpp: 4.6.7 (/opt/ros/jazzy/share/rosidl_generator_cpp/cmake)
-- Using all available rosidl_typesupport_c: rosidl_typesupport_fastrtps_c;rosidl_typesupport_introspection_c
-- Using all available rosidl_typesupport_cpp: rosidl_typesupport_fastrtps_cpp;rosidl_typesupport_introspection_cpp
-- Found rmw_implementation_cmake: 7.3.3 (/opt/ros/jazzy/share/rmw_implementation_cmake/cmake)
-- Found rmw_fastrtps_cpp: 8.4.3 (/opt/ros/jazzy/share/rmw_fastrtps_cpp/cmake)
-- Found OpenSSL: /usr/lib/x86_64-linux-gnu/libcrypto.so (found version "3.0.13")  
-- Found FastRTPS: /opt/ros/jazzy/include (Required is at least version "2.13") 
-- Using RMW implementation 'rmw_fastrtps_cpp' as default
-- Configuring done (4.7s)
-- Generating done (0.0s)
-- Build files have been written to: /home/kowshikraj/robot_ws/build/autonomous_mobile_robot
[ 33%] [32mBuilding CXX object CMakeFiles/robot_node.dir/src/robot_node.cpp.o[0m
[ 66%] [32mBuilding CXX object CMakeFiles/robot_node.dir/src/main.cpp.o[0m
[100%] [32m[1mLinking CXX executable robot_node[0m
[100%] Built target robot_node
-- Install configuration: ""
-- Execute custom install script
-- Symlinking: /home/kowshikraj/robot_ws/install/autonomous_mobile_robot/lib/autonomous_mobile_robot/robot_node
-- Symlinking: /home/kowshikraj/robot_ws/install/autonomous_mobile_robot/include/autonomous_mobile_robot/common/parameters.hpp
-- Symlinking: /home/kowshikraj/robot_ws/install/autonomous_mobile_robot/include/autonomous_mobile_robot/common/types.hpp
-- Symlinking: /home/kowshikraj/robot_ws/install/autonomous_mobile_robot/include/autonomous_mobile_robot/controller/controller.hpp
-- Symlinking: /home/kowshikraj/robot_ws/install/autonomous_mobile_robot/include/autonomous_mobile_robot/navigation/navigation.hpp
-- Symlinking: /home/kowshikraj/robot_ws/install/autonomous_mobile_robot/include/autonomous_mobile_robot/perception/perception.hpp
-- Symlinking: /home/kowshikraj/robot_ws/install/autonomous_mobile_robot/include/autonomous_mobile_robot/robot_node.hpp
-- Symlinking: /home/kowshikraj/robot_ws/install/autonomous_mobile_robot/include/autonomous_mobile_robot/state_machine/state_machine.hpp
-- Symlinking: /home/kowshikraj/robot_ws/install/autonomous_mobile_robot/share/autonomous_mobile_robot/launch/autonomous_mobile_robot.launch.py
-- Symlinking: /home/kowshikraj/robot_ws/install/autonomous_mobile_robot/share/autonomous_mobile_robot/config/robot.yaml
-- Symlinking: /home/kowshikraj/robot_ws/install/autonomous_mobile_robot/share/ament_index/resource_index/package_run_dependencies/autonomous_mobile_robot
-- Symlinking: /home/kowshikraj/robot_ws/install/autonomous_mobile_robot/share/ament_index/resource_index/parent_prefix_path/autonomous_mobile_robot
-- Symlinking: /home/kowshikraj/robot_ws/install/autonomous_mobile_robot/share/autonomous_mobile_robot/environment/ament_prefix_path.sh
-- Symlinking: /home/kowshikraj/robot_ws/install/autonomous_mobile_robot/share/autonomous_mobile_robot/environment/ament_prefix_path.dsv
-- Symlinking: /home/kowshikraj/robot_ws/install/autonomous_mobile_robot/share/autonomous_mobile_robot/environment/path.sh
-- Symlinking: /home/kowshikraj/robot_ws/install/autonomous_mobile_robot/share/autonomous_mobile_robot/environment/path.dsv
-- Symlinking: /home/kowshikraj/robot_ws/install/autonomous_mobile_robot/share/autonomous_mobile_robot/local_setup.bash
-- Symlinking: /home/kowshikraj/robot_ws/install/autonomous_mobile_robot/share/autonomous_mobile_robot/local_setup.sh
-- Symlinking: /home/kowshikraj/robot_ws/install/autonomous_mobile_robot/share/autonomous_mobile_robot/local_setup.zsh
-- Symlinking: /home/kowshikraj/robot_ws/install/autonomous_mobile_robot/share/autonomous_mobile_robot/local_setup.dsv
-- Symlinking: /home/kowshikraj/robot_ws/install/autonomous_mobile_robot/share/autonomous_mobile_robot/package.dsv
-- Symlinking: /home/kowshikraj/robot_ws/install/autonomous_mobile_robot/share/ament_index/resource_index/packages/autonomous_mobile_robot
-- Symlinking: /home/kowshikraj/robot_ws/install/autonomous_mobile_robot/share/autonomous_mobile_robot/cmake/autonomous_mobile_robotConfig.cmake
-- Symlinking: /home/kowshikraj/robot_ws/install/autonomous_mobile_robot/share/autonomous_mobile_robot/cmake/autonomous_mobile_robotConfig-version.cmake
-- Symlinking: /home/kowshikraj/robot_ws/install/autonomous_mobile_robot/share/autonomous_mobile_robot/package.xml
