[0.042s] Invoking command in '/home/kowshikraj/robot_ws/build/autonomous_mobile_robot': CMAKE_PREFIX_PATH=${CMAKE_PREFIX_PATH}:/home/kowshikraj/robot_ws/install/obstacle_avoidance:/opt/ros/jazzy /usr/bin/cmake /home/kowshikraj/robot_ws/src/autonomous_mobile_robot -DAMENT_CMAKE_SYMLINK_INSTALL=1 -DCMAKE_INSTALL_PREFIX=/home/kowshikraj/robot_ws/install/autonomous_mobile_robot
[0.243s] -- The C compiler identification is GNU 13.3.0
[1.063s] -- The CXX compiler identification is GNU 13.3.0
[1.856s] -- Detecting C compiler ABI info
[2.235s] -- Detecting C compiler ABI info - done
[2.254s] -- Check for working C compiler: /usr/bin/cc - skipped
[2.254s] -- Detecting C compile features
[2.255s] -- Detecting C compile features - done
[2.379s] -- Detecting CXX compiler ABI info
[2.828s] -- Detecting CXX compiler ABI info - done
[2.854s] -- Check for working CXX compiler: /usr/bin/c++ - skipped
[2.855s] -- Detecting CXX compile features
[2.856s] -- Detecting CXX compile features - done
[2.866s] -- Found ament_cmake: 2.5.6 (/opt/ros/jazzy/share/ament_cmake/cmake)
[3.161s] -- Found Python3: /usr/bin/python3 (found version "3.12.3") found components: Interpreter 
[3.295s] -- Override CMake install command with custom implementation using symlinks instead of copying resources
[3.379s] -- Found rclcpp: 28.1.18 (/opt/ros/jazzy/share/rclcpp/cmake)
[3.622s] -- Found rosidl_generator_c: 4.6.7 (/opt/ros/jazzy/share/rosidl_generator_c/cmake)
[3.653s] -- Found rosidl_generator_cpp: 4.6.7 (/opt/ros/jazzy/share/rosidl_generator_cpp/cmake)
[3.683s] -- Using all available rosidl_typesupport_c: rosidl_typesupport_fastrtps_c;rosidl_typesupport_introspection_c
[3.712s] -- Using all available rosidl_typesupport_cpp: rosidl_typesupport_fastrtps_cpp;rosidl_typesupport_introspection_cpp
[3.852s] -- Found rmw_implementation_cmake: 7.3.3 (/opt/ros/jazzy/share/rmw_implementation_cmake/cmake)
[3.859s] -- Found rmw_fastrtps_cpp: 8.4.3 (/opt/ros/jazzy/share/rmw_fastrtps_cpp/cmake)
[3.992s] -- Found OpenSSL: /usr/lib/x86_64-linux-gnu/libcrypto.so (found version "3.0.13")  
[4.228s] -- Found FastRTPS: /opt/ros/jazzy/include (Required is at least version "2.13") 
[4.353s] -- Using RMW implementation 'rmw_fastrtps_cpp' as default
[4.750s] -- Configuring done (4.7s)
[4.768s] -- Generating done (0.0s)
[4.773s] -- Build files have been written to: /home/kowshikraj/robot_ws/build/autonomous_mobile_robot
[4.786s] Invoked command in '/home/kowshikraj/robot_ws/build/autonomous_mobile_robot' returned '0': CMAKE_PREFIX_PATH=${CMAKE_PREFIX_PATH}:/home/kowshikraj/robot_ws/install/obstacle_avoidance:/opt/ros/jazzy /usr/bin/cmake /home/kowshikraj/robot_ws/src/autonomous_mobile_robot -DAMENT_CMAKE_SYMLINK_INSTALL=1 -DCMAKE_INSTALL_PREFIX=/home/kowshikraj/robot_ws/install/autonomous_mobile_robot
[4.787s] Invoking command in '/home/kowshikraj/robot_ws/build/autonomous_mobile_robot': CMAKE_PREFIX_PATH=${CMAKE_PREFIX_PATH}:/home/kowshikraj/robot_ws/install/obstacle_avoidance:/opt/ros/jazzy /usr/bin/cmake --build /home/kowshikraj/robot_ws/build/autonomous_mobile_robot -- -j12 -l12
[4.865s] [ 33%] [32mBuilding CXX object CMakeFiles/robot_node.dir/src/robot_node.cpp.o[0m
[4.865s] [ 66%] [32mBuilding CXX object CMakeFiles/robot_node.dir/src/main.cpp.o[0m
[10.877s] [100%] [32m[1mLinking CXX executable robot_node[0m
[11.174s] [100%] Built target robot_node
[11.191s] Invoked command in '/home/kowshikraj/robot_ws/build/autonomous_mobile_robot' returned '0': CMAKE_PREFIX_PATH=${CMAKE_PREFIX_PATH}:/home/kowshikraj/robot_ws/install/obstacle_avoidance:/opt/ros/jazzy /usr/bin/cmake --build /home/kowshikraj/robot_ws/build/autonomous_mobile_robot -- -j12 -l12
[11.206s] Invoking command in '/home/kowshikraj/robot_ws/build/autonomous_mobile_robot': CMAKE_PREFIX_PATH=${CMAKE_PREFIX_PATH}:/home/kowshikraj/robot_ws/install/obstacle_avoidance:/opt/ros/jazzy /usr/bin/cmake --install /home/kowshikraj/robot_ws/build/autonomous_mobile_robot
[11.217s] -- Install configuration: ""
[11.218s] -- Execute custom install script
[11.219s] -- Symlinking: /home/kowshikraj/robot_ws/install/autonomous_mobile_robot/lib/autonomous_mobile_robot/robot_node
[11.235s] -- Symlinking: /home/kowshikraj/robot_ws/install/autonomous_mobile_robot/include/autonomous_mobile_robot/common/parameters.hpp
[11.248s] -- Symlinking: /home/kowshikraj/robot_ws/install/autonomous_mobile_robot/include/autonomous_mobile_robot/common/types.hpp
[11.262s] -- Symlinking: /home/kowshikraj/robot_ws/install/autonomous_mobile_robot/include/autonomous_mobile_robot/controller/controller.hpp
[11.276s] -- Symlinking: /home/kowshikraj/robot_ws/install/autonomous_mobile_robot/include/autonomous_mobile_robot/navigation/navigation.hpp
[11.289s] -- Symlinking: /home/kowshikraj/robot_ws/install/autonomous_mobile_robot/include/autonomous_mobile_robot/perception/perception.hpp
[11.303s] -- Symlinking: /home/kowshikraj/robot_ws/install/autonomous_mobile_robot/include/autonomous_mobile_robot/robot_node.hpp
[11.318s] -- Symlinking: /home/kowshikraj/robot_ws/install/autonomous_mobile_robot/include/autonomous_mobile_robot/state_machine/state_machine.hpp
[11.331s] -- Symlinking: /home/kowshikraj/robot_ws/install/autonomous_mobile_robot/share/autonomous_mobile_robot/launch/autonomous_mobile_robot.launch.py
[11.344s] -- Symlinking: /home/kowshikraj/robot_ws/install/autonomous_mobile_robot/share/autonomous_mobile_robot/config/robot.yaml
[11.360s] -- Symlinking: /home/kowshikraj/robot_ws/install/autonomous_mobile_robot/share/ament_index/resource_index/package_run_dependencies/autonomous_mobile_robot
[11.375s] -- Symlinking: /home/kowshikraj/robot_ws/install/autonomous_mobile_robot/share/ament_index/resource_index/parent_prefix_path/autonomous_mobile_robot
[11.389s] -- Symlinking: /home/kowshikraj/robot_ws/install/autonomous_mobile_robot/share/autonomous_mobile_robot/environment/ament_prefix_path.sh
[11.402s] -- Symlinking: /home/kowshikraj/robot_ws/install/autonomous_mobile_robot/share/autonomous_mobile_robot/environment/ament_prefix_path.dsv
[11.415s] -- Symlinking: /home/kowshikraj/robot_ws/install/autonomous_mobile_robot/share/autonomous_mobile_robot/environment/path.sh
[11.428s] -- Symlinking: /home/kowshikraj/robot_ws/install/autonomous_mobile_robot/share/autonomous_mobile_robot/environment/path.dsv
[11.441s] -- Symlinking: /home/kowshikraj/robot_ws/install/autonomous_mobile_robot/share/autonomous_mobile_robot/local_setup.bash
[11.453s] -- Symlinking: /home/kowshikraj/robot_ws/install/autonomous_mobile_robot/share/autonomous_mobile_robot/local_setup.sh
[11.466s] -- Symlinking: /home/kowshikraj/robot_ws/install/autonomous_mobile_robot/share/autonomous_mobile_robot/local_setup.zsh
[11.480s] -- Symlinking: /home/kowshikraj/robot_ws/install/autonomous_mobile_robot/share/autonomous_mobile_robot/local_setup.dsv
[11.493s] -- Symlinking: /home/kowshikraj/robot_ws/install/autonomous_mobile_robot/share/autonomous_mobile_robot/package.dsv
[11.509s] -- Symlinking: /home/kowshikraj/robot_ws/install/autonomous_mobile_robot/share/ament_index/resource_index/packages/autonomous_mobile_robot
[11.521s] -- Symlinking: /home/kowshikraj/robot_ws/install/autonomous_mobile_robot/share/autonomous_mobile_robot/cmake/autonomous_mobile_robotConfig.cmake
[11.539s] -- Symlinking: /home/kowshikraj/robot_ws/install/autonomous_mobile_robot/share/autonomous_mobile_robot/cmake/autonomous_mobile_robotConfig-version.cmake
[11.552s] -- Symlinking: /home/kowshikraj/robot_ws/install/autonomous_mobile_robot/share/autonomous_mobile_robot/package.xml
[11.571s] Invoked command in '/home/kowshikraj/robot_ws/build/autonomous_mobile_robot' returned '0': CMAKE_PREFIX_PATH=${CMAKE_PREFIX_PATH}:/home/kowshikraj/robot_ws/install/obstacle_avoidance:/opt/ros/jazzy /usr/bin/cmake --install /home/kowshikraj/robot_ws/build/autonomous_mobile_robot
