[0.310s] DEBUG:colcon:Command line arguments: ['/usr/bin/colcon', 'build', '--symlink-install']
[0.310s] DEBUG:colcon:Parsed command line arguments: Namespace(log_base=None, log_level=None, verb_name='build', build_base='build', install_base='install', merge_install=False, symlink_install=True, test_result_base=None, continue_on_error=False, executor='parallel', parallel_workers=12, event_handlers=None, ignore_user_meta=False, metas=['./colcon.meta'], base_paths=['.'], packages_ignore=None, packages_ignore_regex=None, paths=None, packages_up_to=None, packages_up_to_regex=None, packages_above=None, packages_above_and_dependencies=None, packages_above_depth=None, packages_select_by_dep=None, packages_skip_by_dep=None, packages_skip_up_to=None, packages_select_build_failed=False, packages_skip_build_finished=False, packages_select_test_failures=False, packages_skip_test_passed=False, packages_select=None, packages_skip=None, packages_select_regex=None, packages_skip_regex=None, packages_start=None, packages_end=None, allow_overriding=[], cmake_args=None, cmake_target=None, cmake_target_skip_unavailable=False, cmake_clean_cache=False, cmake_clean_first=False, cmake_force_configure=False, ament_cmake_args=None, catkin_cmake_args=None, catkin_skip_building_tests=False, verb_parser=<colcon_defaults.argument_parser.defaults.DefaultArgumentsDecorator object at 0x7b1844ea0ce0>, verb_extension=<colcon_core.verb.build.BuildVerb object at 0x7b1844e77e90>, main=<bound method BuildVerb.main of <colcon_core.verb.build.BuildVerb object at 0x7b1844e77e90>>)
[0.376s] Level 1:colcon.colcon_core.package_discovery:discover_packages(colcon_meta) check parameters
[0.377s] Level 1:colcon.colcon_core.package_discovery:discover_packages(recursive) check parameters
[0.377s] Level 1:colcon.colcon_core.package_discovery:discover_packages(ignore) check parameters
[0.377s] Level 1:colcon.colcon_core.package_discovery:discover_packages(path) check parameters
[0.377s] Level 1:colcon.colcon_core.package_discovery:discover_packages(colcon_meta) discover
[0.377s] Level 1:colcon.colcon_core.package_discovery:discover_packages(recursive) discover
[0.377s] INFO:colcon.colcon_core.package_discovery:Crawling recursively for packages in '/home/kowshikraj/robot_ws'
[0.377s] Level 1:colcon.colcon_core.package_identification:_identify(.) by extensions ['ignore', 'ignore_ament_install']
[0.377s] Level 1:colcon.colcon_core.package_identification:_identify(.) by extension 'ignore'
[0.378s] Level 1:colcon.colcon_core.package_identification:_identify(.) by extension 'ignore_ament_install'
[0.378s] Level 1:colcon.colcon_core.package_identification:_identify(.) by extensions ['colcon_pkg']
[0.378s] Level 1:colcon.colcon_core.package_identification:_identify(.) by extension 'colcon_pkg'
[0.378s] Level 1:colcon.colcon_core.package_identification:_identify(.) by extensions ['colcon_meta']
[0.378s] Level 1:colcon.colcon_core.package_identification:_identify(.) by extension 'colcon_meta'
[0.378s] Level 1:colcon.colcon_core.package_identification:_identify(.) by extensions ['ros']
[0.378s] Level 1:colcon.colcon_core.package_identification:_identify(.) by extension 'ros'
[0.422s] Level 1:colcon.colcon_core.package_identification:_identify(.) by extensions ['cmake', 'python']
[0.422s] Level 1:colcon.colcon_core.package_identification:_identify(.) by extension 'cmake'
[0.422s] Level 1:colcon.colcon_core.package_identification:_identify(.) by extension 'python'
[0.423s] Level 1:colcon.colcon_core.package_identification:_identify(.) by extensions ['python_setup_py']
[0.423s] Level 1:colcon.colcon_core.package_identification:_identify(.) by extension 'python_setup_py'
[0.423s] Level 1:colcon.colcon_core.package_identification:_identify(build) by extensions ['ignore', 'ignore_ament_install']
[0.423s] Level 1:colcon.colcon_core.package_identification:_identify(build) by extension 'ignore'
[0.423s] Level 1:colcon.colcon_core.package_identification:_identify(build) ignored
[0.423s] Level 1:colcon.colcon_core.package_identification:_identify(install) by extensions ['ignore', 'ignore_ament_install']
[0.424s] Level 1:colcon.colcon_core.package_identification:_identify(install) by extension 'ignore'
[0.424s] Level 1:colcon.colcon_core.package_identification:_identify(install) ignored
[0.424s] Level 1:colcon.colcon_core.package_identification:_identify(log) by extensions ['ignore', 'ignore_ament_install']
[0.424s] Level 1:colcon.colcon_core.package_identification:_identify(log) by extension 'ignore'
[0.424s] Level 1:colcon.colcon_core.package_identification:_identify(log) ignored
[0.425s] Level 1:colcon.colcon_core.package_identification:_identify(maps) by extensions ['ignore', 'ignore_ament_install']
[0.425s] Level 1:colcon.colcon_core.package_identification:_identify(maps) by extension 'ignore'
[0.425s] Level 1:colcon.colcon_core.package_identification:_identify(maps) by extension 'ignore_ament_install'
[0.425s] Level 1:colcon.colcon_core.package_identification:_identify(maps) by extensions ['colcon_pkg']
[0.425s] Level 1:colcon.colcon_core.package_identification:_identify(maps) by extension 'colcon_pkg'
[0.425s] Level 1:colcon.colcon_core.package_identification:_identify(maps) by extensions ['colcon_meta']
[0.426s] Level 1:colcon.colcon_core.package_identification:_identify(maps) by extension 'colcon_meta'
[0.426s] Level 1:colcon.colcon_core.package_identification:_identify(maps) by extensions ['ros']
[0.426s] Level 1:colcon.colcon_core.package_identification:_identify(maps) by extension 'ros'
[0.426s] Level 1:colcon.colcon_core.package_identification:_identify(maps) by extensions ['cmake', 'python']
[0.426s] Level 1:colcon.colcon_core.package_identification:_identify(maps) by extension 'cmake'
[0.426s] Level 1:colcon.colcon_core.package_identification:_identify(maps) by extension 'python'
[0.427s] Level 1:colcon.colcon_core.package_identification:_identify(maps) by extensions ['python_setup_py']
[0.427s] Level 1:colcon.colcon_core.package_identification:_identify(maps) by extension 'python_setup_py'
[0.427s] Level 1:colcon.colcon_core.package_identification:_identify(src) by extensions ['ignore', 'ignore_ament_install']
[0.427s] Level 1:colcon.colcon_core.package_identification:_identify(src) by extension 'ignore'
[0.427s] Level 1:colcon.colcon_core.package_identification:_identify(src) by extension 'ignore_ament_install'
[0.427s] Level 1:colcon.colcon_core.package_identification:_identify(src) by extensions ['colcon_pkg']
[0.427s] Level 1:colcon.colcon_core.package_identification:_identify(src) by extension 'colcon_pkg'
[0.427s] Level 1:colcon.colcon_core.package_identification:_identify(src) by extensions ['colcon_meta']
[0.428s] Level 1:colcon.colcon_core.package_identification:_identify(src) by extension 'colcon_meta'
[0.428s] Level 1:colcon.colcon_core.package_identification:_identify(src) by extensions ['ros']
[0.428s] Level 1:colcon.colcon_core.package_identification:_identify(src) by extension 'ros'
[0.428s] Level 1:colcon.colcon_core.package_identification:_identify(src) by extensions ['cmake', 'python']
[0.428s] Level 1:colcon.colcon_core.package_identification:_identify(src) by extension 'cmake'
[0.428s] Level 1:colcon.colcon_core.package_identification:_identify(src) by extension 'python'
[0.428s] Level 1:colcon.colcon_core.package_identification:_identify(src) by extensions ['python_setup_py']
[0.428s] Level 1:colcon.colcon_core.package_identification:_identify(src) by extension 'python_setup_py'
[0.428s] Level 1:colcon.colcon_core.package_identification:_identify(src/autonomous_mobile_robot) by extensions ['ignore', 'ignore_ament_install']
[0.428s] Level 1:colcon.colcon_core.package_identification:_identify(src/autonomous_mobile_robot) by extension 'ignore'
[0.429s] Level 1:colcon.colcon_core.package_identification:_identify(src/autonomous_mobile_robot) by extension 'ignore_ament_install'
[0.429s] Level 1:colcon.colcon_core.package_identification:_identify(src/autonomous_mobile_robot) by extensions ['colcon_pkg']
[0.429s] Level 1:colcon.colcon_core.package_identification:_identify(src/autonomous_mobile_robot) by extension 'colcon_pkg'
[0.429s] Level 1:colcon.colcon_core.package_identification:_identify(src/autonomous_mobile_robot) by extensions ['colcon_meta']
[0.429s] Level 1:colcon.colcon_core.package_identification:_identify(src/autonomous_mobile_robot) by extension 'colcon_meta'
[0.429s] Level 1:colcon.colcon_core.package_identification:_identify(src/autonomous_mobile_robot) by extensions ['ros']
[0.429s] Level 1:colcon.colcon_core.package_identification:_identify(src/autonomous_mobile_robot) by extension 'ros'
[0.433s] DEBUG:colcon.colcon_core.package_identification:Package 'src/autonomous_mobile_robot' with type 'ros.ament_cmake' and name 'autonomous_mobile_robot'
[0.434s] Level 1:colcon.colcon_core.package_identification:_identify(src/nav_goal_sender) by extensions ['ignore', 'ignore_ament_install']
[0.434s] Level 1:colcon.colcon_core.package_identification:_identify(src/nav_goal_sender) by extension 'ignore'
[0.434s] Level 1:colcon.colcon_core.package_identification:_identify(src/nav_goal_sender) by extension 'ignore_ament_install'
[0.435s] Level 1:colcon.colcon_core.package_identification:_identify(src/nav_goal_sender) by extensions ['colcon_pkg']
[0.435s] Level 1:colcon.colcon_core.package_identification:_identify(src/nav_goal_sender) by extension 'colcon_pkg'
[0.435s] Level 1:colcon.colcon_core.package_identification:_identify(src/nav_goal_sender) by extensions ['colcon_meta']
[0.435s] Level 1:colcon.colcon_core.package_identification:_identify(src/nav_goal_sender) by extension 'colcon_meta'
[0.435s] Level 1:colcon.colcon_core.package_identification:_identify(src/nav_goal_sender) by extensions ['ros']
[0.435s] Level 1:colcon.colcon_core.package_identification:_identify(src/nav_goal_sender) by extension 'ros'
[0.436s] DEBUG:colcon.colcon_core.package_identification:Package 'src/nav_goal_sender' with type 'ros.ament_cmake' and name 'nav_goal_sender'
[0.436s] Level 1:colcon.colcon_core.package_identification:_identify(src/obstacle_avoidance) by extensions ['ignore', 'ignore_ament_install']
[0.437s] Level 1:colcon.colcon_core.package_identification:_identify(src/obstacle_avoidance) by extension 'ignore'
[0.437s] Level 1:colcon.colcon_core.package_identification:_identify(src/obstacle_avoidance) by extension 'ignore_ament_install'
[0.437s] Level 1:colcon.colcon_core.package_identification:_identify(src/obstacle_avoidance) by extensions ['colcon_pkg']
[0.437s] Level 1:colcon.colcon_core.package_identification:_identify(src/obstacle_avoidance) by extension 'colcon_pkg'
[0.437s] Level 1:colcon.colcon_core.package_identification:_identify(src/obstacle_avoidance) by extensions ['colcon_meta']
[0.437s] Level 1:colcon.colcon_core.package_identification:_identify(src/obstacle_avoidance) by extension 'colcon_meta'
[0.437s] Level 1:colcon.colcon_core.package_identification:_identify(src/obstacle_avoidance) by extensions ['ros']
[0.437s] Level 1:colcon.colcon_core.package_identification:_identify(src/obstacle_avoidance) by extension 'ros'
[0.438s] DEBUG:colcon.colcon_core.package_identification:Package 'src/obstacle_avoidance' with type 'ros.ament_python' and name 'obstacle_avoidance'
[0.438s] Level 1:colcon.colcon_core.package_discovery:discover_packages(recursive) using defaults
[0.438s] Level 1:colcon.colcon_core.package_discovery:discover_packages(ignore) discover
[0.438s] Level 1:colcon.colcon_core.package_discovery:discover_packages(ignore) using defaults
[0.438s] Level 1:colcon.colcon_core.package_discovery:discover_packages(path) discover
[0.439s] Level 1:colcon.colcon_core.package_discovery:discover_packages(path) using defaults
[0.472s] Level 1:colcon.colcon_core.package_discovery:discover_packages(prefix_path) check parameters
[0.472s] Level 1:colcon.colcon_core.package_discovery:discover_packages(prefix_path) discover
[0.474s] WARNING:colcon.colcon_ros.prefix_path.ament:The path '/home/kowshikraj/robot_ws/install/obstacle_avoidance' in the environment variable AMENT_PREFIX_PATH doesn't exist
[0.474s] WARNING:colcon.colcon_ros.prefix_path.ament:The path '/home/kowshikraj/robot_ws/install/nav_goal_sender' in the environment variable AMENT_PREFIX_PATH doesn't exist
[0.475s] WARNING:colcon.colcon_ros.prefix_path.catkin:The path '/home/kowshikraj/robot_ws/install/nav_goal_sender' in the environment variable CMAKE_PREFIX_PATH doesn't exist
[0.476s] DEBUG:colcon.colcon_installed_package_information.package_discovery:Found 0 installed packages in /home/kowshikraj/robot_ws/install
[0.479s] DEBUG:colcon.colcon_installed_package_information.package_discovery:Found 494 installed packages in /opt/ros/jazzy
[0.483s] Level 1:colcon.colcon_core.package_discovery:discover_packages(prefix_path) using defaults
[0.586s] Level 5:colcon.colcon_core.verb:set package 'autonomous_mobile_robot' build argument 'cmake_args' from command line to 'None'
[0.586s] Level 5:colcon.colcon_core.verb:set package 'autonomous_mobile_robot' build argument 'cmake_target' from command line to 'None'
[0.586s] Level 5:colcon.colcon_core.verb:set package 'autonomous_mobile_robot' build argument 'cmake_target_skip_unavailable' from command line to 'False'
[0.586s] Level 5:colcon.colcon_core.verb:set package 'autonomous_mobile_robot' build argument 'cmake_clean_cache' from command line to 'False'
[0.586s] Level 5:colcon.colcon_core.verb:set package 'autonomous_mobile_robot' build argument 'cmake_clean_first' from command line to 'False'
[0.586s] Level 5:colcon.colcon_core.verb:set package 'autonomous_mobile_robot' build argument 'cmake_force_configure' from command line to 'False'
[0.586s] Level 5:colcon.colcon_core.verb:set package 'autonomous_mobile_robot' build argument 'ament_cmake_args' from command line to 'None'
[0.586s] Level 5:colcon.colcon_core.verb:set package 'autonomous_mobile_robot' build argument 'catkin_cmake_args' from command line to 'None'
[0.586s] Level 5:colcon.colcon_core.verb:set package 'autonomous_mobile_robot' build argument 'catkin_skip_building_tests' from command line to 'False'
[0.586s] DEBUG:colcon.colcon_core.verb:Building package 'autonomous_mobile_robot' with the following arguments: {'ament_cmake_args': None, 'build_base': '/home/kowshikraj/robot_ws/build/autonomous_mobile_robot', 'catkin_cmake_args': None, 'catkin_skip_building_tests': False, 'cmake_args': None, 'cmake_clean_cache': False, 'cmake_clean_first': False, 'cmake_force_configure': False, 'cmake_target': None, 'cmake_target_skip_unavailable': False, 'install_base': '/home/kowshikraj/robot_ws/install/autonomous_mobile_robot', 'merge_install': False, 'path': '/home/kowshikraj/robot_ws/src/autonomous_mobile_robot', 'symlink_install': True, 'test_result_base': None}
[0.587s] Level 5:colcon.colcon_core.verb:set package 'nav_goal_sender' build argument 'cmake_args' from command line to 'None'
[0.587s] Level 5:colcon.colcon_core.verb:set package 'nav_goal_sender' build argument 'cmake_target' from command line to 'None'
[0.587s] Level 5:colcon.colcon_core.verb:set package 'nav_goal_sender' build argument 'cmake_target_skip_unavailable' from command line to 'False'
[0.587s] Level 5:colcon.colcon_core.verb:set package 'nav_goal_sender' build argument 'cmake_clean_cache' from command line to 'False'
[0.587s] Level 5:colcon.colcon_core.verb:set package 'nav_goal_sender' build argument 'cmake_clean_first' from command line to 'False'
[0.587s] Level 5:colcon.colcon_core.verb:set package 'nav_goal_sender' build argument 'cmake_force_configure' from command line to 'False'
[0.587s] Level 5:colcon.colcon_core.verb:set package 'nav_goal_sender' build argument 'ament_cmake_args' from command line to 'None'
[0.587s] Level 5:colcon.colcon_core.verb:set package 'nav_goal_sender' build argument 'catkin_cmake_args' from command line to 'None'
[0.587s] Level 5:colcon.colcon_core.verb:set package 'nav_goal_sender' build argument 'catkin_skip_building_tests' from command line to 'False'
[0.587s] DEBUG:colcon.colcon_core.verb:Building package 'nav_goal_sender' with the following arguments: {'ament_cmake_args': None, 'build_base': '/home/kowshikraj/robot_ws/build/nav_goal_sender', 'catkin_cmake_args': None, 'catkin_skip_building_tests': False, 'cmake_args': None, 'cmake_clean_cache': False, 'cmake_clean_first': False, 'cmake_force_configure': False, 'cmake_target': None, 'cmake_target_skip_unavailable': False, 'install_base': '/home/kowshikraj/robot_ws/install/nav_goal_sender', 'merge_install': False, 'path': '/home/kowshikraj/robot_ws/src/nav_goal_sender', 'symlink_install': True, 'test_result_base': None}
[0.587s] Level 5:colcon.colcon_core.verb:set package 'obstacle_avoidance' build argument 'cmake_args' from command line to 'None'
[0.588s] Level 5:colcon.colcon_core.verb:set package 'obstacle_avoidance' build argument 'cmake_target' from command line to 'None'
[0.588s] Level 5:colcon.colcon_core.verb:set package 'obstacle_avoidance' build argument 'cmake_target_skip_unavailable' from command line to 'False'
[0.588s] Level 5:colcon.colcon_core.verb:set package 'obstacle_avoidance' build argument 'cmake_clean_cache' from command line to 'False'
[0.588s] Level 5:colcon.colcon_core.verb:set package 'obstacle_avoidance' build argument 'cmake_clean_first' from command line to 'False'
[0.588s] Level 5:colcon.colcon_core.verb:set package 'obstacle_avoidance' build argument 'cmake_force_configure' from command line to 'False'
[0.588s] Level 5:colcon.colcon_core.verb:set package 'obstacle_avoidance' build argument 'ament_cmake_args' from command line to 'None'
[0.588s] Level 5:colcon.colcon_core.verb:set package 'obstacle_avoidance' build argument 'catkin_cmake_args' from command line to 'None'
[0.588s] Level 5:colcon.colcon_core.verb:set package 'obstacle_avoidance' build argument 'catkin_skip_building_tests' from command line to 'False'
[0.588s] DEBUG:colcon.colcon_core.verb:Building package 'obstacle_avoidance' with the following arguments: {'ament_cmake_args': None, 'build_base': '/home/kowshikraj/robot_ws/build/obstacle_avoidance', 'catkin_cmake_args': None, 'catkin_skip_building_tests': False, 'cmake_args': None, 'cmake_clean_cache': False, 'cmake_clean_first': False, 'cmake_force_configure': False, 'cmake_target': None, 'cmake_target_skip_unavailable': False, 'install_base': '/home/kowshikraj/robot_ws/install/obstacle_avoidance', 'merge_install': False, 'path': '/home/kowshikraj/robot_ws/src/obstacle_avoidance', 'symlink_install': True, 'test_result_base': None}
[0.588s] INFO:colcon.colcon_core.executor:Executing jobs using 'parallel' executor
[0.589s] DEBUG:colcon.colcon_parallel_executor.executor.parallel:run_until_complete
[0.590s] INFO:colcon.colcon_ros.task.ament_cmake.build:Building ROS package in '/home/kowshikraj/robot_ws/src/autonomous_mobile_robot' with build type 'ament_cmake'
[0.591s] INFO:colcon.colcon_cmake.task.cmake.build:Building CMake package in '/home/kowshikraj/robot_ws/src/autonomous_mobile_robot'
[0.595s] INFO:colcon.colcon_core.plugin_system:Skipping extension 'colcon_core.shell.bat': Not used on non-Windows systems
[0.595s] INFO:colcon.colcon_core.shell:Skip shell extension 'powershell' for command environment: Not usable outside of PowerShell
[0.595s] DEBUG:colcon.colcon_core.shell:Skip shell extension 'dsv' for command environment
[0.602s] INFO:colcon.colcon_ros.task.ament_cmake.build:Building ROS package in '/home/kowshikraj/robot_ws/src/nav_goal_sender' with build type 'ament_cmake'
[0.602s] INFO:colcon.colcon_cmake.task.cmake.build:Building CMake package in '/home/kowshikraj/robot_ws/src/nav_goal_sender'
[0.603s] INFO:colcon.colcon_core.shell:Skip shell extension 'powershell' for command environment: Not usable outside of PowerShell
[0.603s] DEBUG:colcon.colcon_core.shell:Skip shell extension 'dsv' for command environment
[0.612s] INFO:colcon.colcon_ros.task.ament_python.build:Building ROS package in '/home/kowshikraj/robot_ws/src/obstacle_avoidance' with build type 'ament_python'
[0.613s] Level 1:colcon.colcon_core.shell:create_environment_hook('obstacle_avoidance', 'ament_prefix_path')
[0.613s] INFO:colcon.colcon_core.shell:Creating environment hook '/home/kowshikraj/robot_ws/install/obstacle_avoidance/share/obstacle_avoidance/hook/ament_prefix_path.ps1'
[0.616s] INFO:colcon.colcon_core.shell:Creating environment descriptor '/home/kowshikraj/robot_ws/install/obstacle_avoidance/share/obstacle_avoidance/hook/ament_prefix_path.dsv'
[0.616s] INFO:colcon.colcon_core.shell:Creating environment hook '/home/kowshikraj/robot_ws/install/obstacle_avoidance/share/obstacle_avoidance/hook/ament_prefix_path.sh'
[0.617s] INFO:colcon.colcon_core.shell:Skip shell extension 'powershell' for command environment: Not usable outside of PowerShell
[0.617s] DEBUG:colcon.colcon_core.shell:Skip shell extension 'dsv' for command environment
[0.634s] DEBUG:colcon.colcon_core.event_handler.log_command:Invoking command in '/home/kowshikraj/robot_ws/build/autonomous_mobile_robot': CMAKE_PREFIX_PATH=${CMAKE_PREFIX_PATH}:/home/kowshikraj/robot_ws/install/obstacle_avoidance:/opt/ros/jazzy /usr/bin/cmake /home/kowshikraj/robot_ws/src/autonomous_mobile_robot -DAMENT_CMAKE_SYMLINK_INSTALL=1 -DCMAKE_INSTALL_PREFIX=/home/kowshikraj/robot_ws/install/autonomous_mobile_robot
[0.641s] DEBUG:colcon.colcon_core.event_handler.log_command:Invoking command in '/home/kowshikraj/robot_ws/build/nav_goal_sender': CMAKE_PREFIX_PATH=${CMAKE_PREFIX_PATH}:/home/kowshikraj/robot_ws/install/obstacle_avoidance:/opt/ros/jazzy /usr/bin/cmake /home/kowshikraj/robot_ws/src/nav_goal_sender -DAMENT_CMAKE_SYMLINK_INSTALL=1 -DCMAKE_INSTALL_PREFIX=/home/kowshikraj/robot_ws/install/nav_goal_sender
[1.108s] INFO:colcon.colcon_core.task.python.build:Building Python package in '/home/kowshikraj/robot_ws/src/obstacle_avoidance'
[1.108s] INFO:colcon.colcon_core.shell:Skip shell extension 'powershell' for command environment: Not usable outside of PowerShell
[1.109s] DEBUG:colcon.colcon_core.shell:Skip shell extension 'dsv' for command environment
[2.401s] DEBUG:colcon.colcon_core.event_handler.log_command:Invoking command in '/home/kowshikraj/robot_ws/build/obstacle_avoidance': PYTHONPATH=/home/kowshikraj/robot_ws/build/obstacle_avoidance/prefix_override:/usr/lib/python3/dist-packages/colcon_core/task/python/colcon_distutils_commands:/home/kowshikraj/robot_ws/install/obstacle_avoidance/lib/python3.12/site-packages:${PYTHONPATH} /usr/bin/python3 -W ignore:setup.py install is deprecated -W ignore:easy_install command is deprecated setup.py develop --editable --build-directory /home/kowshikraj/robot_ws/build/obstacle_avoidance/build --no-deps symlink_data
[6.875s] Level 1:colcon.colcon_core.shell:create_environment_hook('obstacle_avoidance', 'pythonpath_develop')
[6.876s] INFO:colcon.colcon_core.shell:Creating environment hook '/home/kowshikraj/robot_ws/build/obstacle_avoidance/share/obstacle_avoidance/hook/pythonpath_develop.ps1'
[6.877s] DEBUG:colcon.colcon_core.event_handler.log_command:Invoked command in '/home/kowshikraj/robot_ws/build/obstacle_avoidance' returned '0': PYTHONPATH=/home/kowshikraj/robot_ws/build/obstacle_avoidance/prefix_override:/usr/lib/python3/dist-packages/colcon_core/task/python/colcon_distutils_commands:/home/kowshikraj/robot_ws/install/obstacle_avoidance/lib/python3.12/site-packages:${PYTHONPATH} /usr/bin/python3 -W ignore:setup.py install is deprecated -W ignore:easy_install command is deprecated setup.py develop --editable --build-directory /home/kowshikraj/robot_ws/build/obstacle_avoidance/build --no-deps symlink_data
[6.878s] INFO:colcon.colcon_core.shell:Creating environment descriptor '/home/kowshikraj/robot_ws/build/obstacle_avoidance/share/obstacle_avoidance/hook/pythonpath_develop.dsv'
[6.879s] INFO:colcon.colcon_core.shell:Creating environment hook '/home/kowshikraj/robot_ws/build/obstacle_avoidance/share/obstacle_avoidance/hook/pythonpath_develop.sh'
[6.882s] Level 1:colcon.colcon_core.environment:checking '/home/kowshikraj/robot_ws/install/obstacle_avoidance' for CMake module files
[6.883s] Level 1:colcon.colcon_core.environment:checking '/home/kowshikraj/robot_ws/install/obstacle_avoidance' for CMake config files
[6.883s] Level 1:colcon.colcon_core.environment:checking '/home/kowshikraj/robot_ws/install/obstacle_avoidance/lib'
[6.884s] Level 1:colcon.colcon_core.environment:checking '/home/kowshikraj/robot_ws/install/obstacle_avoidance/bin'
[6.884s] Level 1:colcon.colcon_core.environment:checking '/home/kowshikraj/robot_ws/install/obstacle_avoidance/lib/pkgconfig/obstacle_avoidance.pc'
[6.884s] Level 1:colcon.colcon_core.environment:checking '/home/kowshikraj/robot_ws/install/obstacle_avoidance/lib/python3.12/site-packages'
[6.884s] Level 1:colcon.colcon_core.shell:create_environment_hook('obstacle_avoidance', 'pythonpath')
[6.885s] INFO:colcon.colcon_core.shell:Creating environment hook '/home/kowshikraj/robot_ws/install/obstacle_avoidance/share/obstacle_avoidance/hook/pythonpath.ps1'
[6.885s] INFO:colcon.colcon_core.shell:Creating environment descriptor '/home/kowshikraj/robot_ws/install/obstacle_avoidance/share/obstacle_avoidance/hook/pythonpath.dsv'
[6.886s] INFO:colcon.colcon_core.shell:Creating environment hook '/home/kowshikraj/robot_ws/install/obstacle_avoidance/share/obstacle_avoidance/hook/pythonpath.sh'
[6.887s] Level 1:colcon.colcon_core.environment:checking '/home/kowshikraj/robot_ws/install/obstacle_avoidance/bin'
[6.887s] Level 1:colcon.colcon_core.environment:create_environment_scripts_only(obstacle_avoidance)
[6.888s] INFO:colcon.colcon_core.shell:Creating package script '/home/kowshikraj/robot_ws/install/obstacle_avoidance/share/obstacle_avoidance/package.ps1'
[6.889s] INFO:colcon.colcon_core.shell:Creating package descriptor '/home/kowshikraj/robot_ws/install/obstacle_avoidance/share/obstacle_avoidance/package.dsv'
[6.890s] INFO:colcon.colcon_core.shell:Creating package script '/home/kowshikraj/robot_ws/install/obstacle_avoidance/share/obstacle_avoidance/package.sh'
[6.891s] INFO:colcon.colcon_core.shell:Creating package script '/home/kowshikraj/robot_ws/install/obstacle_avoidance/share/obstacle_avoidance/package.bash'
[6.892s] INFO:colcon.colcon_core.shell:Creating package script '/home/kowshikraj/robot_ws/install/obstacle_avoidance/share/obstacle_avoidance/package.zsh'
[6.893s] Level 1:colcon.colcon_core.environment:create_file_with_runtime_dependencies(/home/kowshikraj/robot_ws/install/obstacle_avoidance/share/colcon-core/packages/obstacle_avoidance)
[8.321s] DEBUG:colcon.colcon_core.event_handler.log_command:Invoked command in '/home/kowshikraj/robot_ws/build/autonomous_mobile_robot' returned '0': CMAKE_PREFIX_PATH=${CMAKE_PREFIX_PATH}:/home/kowshikraj/robot_ws/install/obstacle_avoidance:/opt/ros/jazzy /usr/bin/cmake /home/kowshikraj/robot_ws/src/autonomous_mobile_robot -DAMENT_CMAKE_SYMLINK_INSTALL=1 -DCMAKE_INSTALL_PREFIX=/home/kowshikraj/robot_ws/install/autonomous_mobile_robot
[8.321s] DEBUG:colcon.colcon_core.event_handler.log_command:Invoking command in '/home/kowshikraj/robot_ws/build/autonomous_mobile_robot': CMAKE_PREFIX_PATH=${CMAKE_PREFIX_PATH}:/home/kowshikraj/robot_ws/install/obstacle_avoidance:/opt/ros/jazzy /usr/bin/cmake --build /home/kowshikraj/robot_ws/build/autonomous_mobile_robot -- -j12 -l12
[8.798s] DEBUG:colcon.colcon_core.event_handler.log_command:Invoked command in '/home/kowshikraj/robot_ws/build/nav_goal_sender' returned '0': CMAKE_PREFIX_PATH=${CMAKE_PREFIX_PATH}:/home/kowshikraj/robot_ws/install/obstacle_avoidance:/opt/ros/jazzy /usr/bin/cmake /home/kowshikraj/robot_ws/src/nav_goal_sender -DAMENT_CMAKE_SYMLINK_INSTALL=1 -DCMAKE_INSTALL_PREFIX=/home/kowshikraj/robot_ws/install/nav_goal_sender
[8.799s] DEBUG:colcon.colcon_core.event_handler.log_command:Invoking command in '/home/kowshikraj/robot_ws/build/nav_goal_sender': CMAKE_PREFIX_PATH=${CMAKE_PREFIX_PATH}:/home/kowshikraj/robot_ws/install/obstacle_avoidance:/opt/ros/jazzy /usr/bin/cmake --build /home/kowshikraj/robot_ws/build/nav_goal_sender -- -j12 -l12
[14.726s] DEBUG:colcon.colcon_core.event_handler.log_command:Invoked command in '/home/kowshikraj/robot_ws/build/autonomous_mobile_robot' returned '0': CMAKE_PREFIX_PATH=${CMAKE_PREFIX_PATH}:/home/kowshikraj/robot_ws/install/obstacle_avoidance:/opt/ros/jazzy /usr/bin/cmake --build /home/kowshikraj/robot_ws/build/autonomous_mobile_robot -- -j12 -l12
[14.741s] DEBUG:colcon.colcon_core.event_handler.log_command:Invoking command in '/home/kowshikraj/robot_ws/build/autonomous_mobile_robot': CMAKE_PREFIX_PATH=${CMAKE_PREFIX_PATH}:/home/kowshikraj/robot_ws/install/obstacle_avoidance:/opt/ros/jazzy /usr/bin/cmake --install /home/kowshikraj/robot_ws/build/autonomous_mobile_robot
[15.105s] Level 1:colcon.colcon_core.environment:create_environment_scripts_only(autonomous_mobile_robot)
[15.105s] Level 1:colcon.colcon_core.environment:checking '/home/kowshikraj/robot_ws/install/autonomous_mobile_robot' for CMake module files
[15.107s] DEBUG:colcon.colcon_core.event_handler.log_command:Invoked command in '/home/kowshikraj/robot_ws/build/autonomous_mobile_robot' returned '0': CMAKE_PREFIX_PATH=${CMAKE_PREFIX_PATH}:/home/kowshikraj/robot_ws/install/obstacle_avoidance:/opt/ros/jazzy /usr/bin/cmake --install /home/kowshikraj/robot_ws/build/autonomous_mobile_robot
[15.107s] Level 1:colcon.colcon_core.environment:checking '/home/kowshikraj/robot_ws/install/autonomous_mobile_robot' for CMake config files
[15.108s] Level 1:colcon.colcon_core.shell:create_environment_hook('autonomous_mobile_robot', 'cmake_prefix_path')
[15.108s] INFO:colcon.colcon_core.shell:Creating environment hook '/home/kowshikraj/robot_ws/install/autonomous_mobile_robot/share/autonomous_mobile_robot/hook/cmake_prefix_path.ps1'
[15.109s] INFO:colcon.colcon_core.shell:Creating environment descriptor '/home/kowshikraj/robot_ws/install/autonomous_mobile_robot/share/autonomous_mobile_robot/hook/cmake_prefix_path.dsv'
[15.110s] INFO:colcon.colcon_core.shell:Creating environment hook '/home/kowshikraj/robot_ws/install/autonomous_mobile_robot/share/autonomous_mobile_robot/hook/cmake_prefix_path.sh'
[15.110s] Level 1:colcon.colcon_core.environment:checking '/home/kowshikraj/robot_ws/install/autonomous_mobile_robot/lib'
[15.111s] Level 1:colcon.colcon_core.environment:checking '/home/kowshikraj/robot_ws/install/autonomous_mobile_robot/bin'
[15.111s] Level 1:colcon.colcon_core.environment:checking '/home/kowshikraj/robot_ws/install/autonomous_mobile_robot/lib/pkgconfig/autonomous_mobile_robot.pc'
[15.111s] Level 1:colcon.colcon_core.environment:checking '/home/kowshikraj/robot_ws/install/autonomous_mobile_robot/lib/python3.12/site-packages'
[15.111s] Level 1:colcon.colcon_core.environment:checking '/home/kowshikraj/robot_ws/install/autonomous_mobile_robot/bin'
[15.112s] INFO:colcon.colcon_core.shell:Creating package script '/home/kowshikraj/robot_ws/install/autonomous_mobile_robot/share/autonomous_mobile_robot/package.ps1'
[15.113s] INFO:colcon.colcon_core.shell:Creating package descriptor '/home/kowshikraj/robot_ws/install/autonomous_mobile_robot/share/autonomous_mobile_robot/package.dsv'
[15.113s] INFO:colcon.colcon_core.shell:Creating package script '/home/kowshikraj/robot_ws/install/autonomous_mobile_robot/share/autonomous_mobile_robot/package.sh'
[15.114s] INFO:colcon.colcon_core.shell:Creating package script '/home/kowshikraj/robot_ws/install/autonomous_mobile_robot/share/autonomous_mobile_robot/package.bash'
[15.114s] INFO:colcon.colcon_core.shell:Creating package script '/home/kowshikraj/robot_ws/install/autonomous_mobile_robot/share/autonomous_mobile_robot/package.zsh'
[15.115s] Level 1:colcon.colcon_core.environment:create_file_with_runtime_dependencies(/home/kowshikraj/robot_ws/install/autonomous_mobile_robot/share/colcon-core/packages/autonomous_mobile_robot)
[15.116s] Level 1:colcon.colcon_core.environment:create_environment_scripts_only(autonomous_mobile_robot)
[15.116s] Level 1:colcon.colcon_core.environment:checking '/home/kowshikraj/robot_ws/install/autonomous_mobile_robot' for CMake module files
[15.117s] Level 1:colcon.colcon_core.environment:checking '/home/kowshikraj/robot_ws/install/autonomous_mobile_robot' for CMake config files
[15.118s] Level 1:colcon.colcon_core.shell:create_environment_hook('autonomous_mobile_robot', 'cmake_prefix_path')
[15.118s] INFO:colcon.colcon_core.shell:Creating environment hook '/home/kowshikraj/robot_ws/install/autonomous_mobile_robot/share/autonomous_mobile_robot/hook/cmake_prefix_path.ps1'
[15.119s] INFO:colcon.colcon_core.shell:Creating environment descriptor '/home/kowshikraj/robot_ws/install/autonomous_mobile_robot/share/autonomous_mobile_robot/hook/cmake_prefix_path.dsv'
[15.119s] INFO:colcon.colcon_core.shell:Creating environment hook '/home/kowshikraj/robot_ws/install/autonomous_mobile_robot/share/autonomous_mobile_robot/hook/cmake_prefix_path.sh'
[15.120s] Level 1:colcon.colcon_core.environment:checking '/home/kowshikraj/robot_ws/install/autonomous_mobile_robot/lib'
[15.120s] Level 1:colcon.colcon_core.environment:checking '/home/kowshikraj/robot_ws/install/autonomous_mobile_robot/bin'
[15.120s] Level 1:colcon.colcon_core.environment:checking '/home/kowshikraj/robot_ws/install/autonomous_mobile_robot/lib/pkgconfig/autonomous_mobile_robot.pc'
[15.121s] Level 1:colcon.colcon_core.environment:checking '/home/kowshikraj/robot_ws/install/autonomous_mobile_robot/lib/python3.12/site-packages'
[15.121s] Level 1:colcon.colcon_core.environment:checking '/home/kowshikraj/robot_ws/install/autonomous_mobile_robot/bin'
[15.122s] INFO:colcon.colcon_core.shell:Creating package script '/home/kowshikraj/robot_ws/install/autonomous_mobile_robot/share/autonomous_mobile_robot/package.ps1'
[15.123s] INFO:colcon.colcon_core.shell:Creating package descriptor '/home/kowshikraj/robot_ws/install/autonomous_mobile_robot/share/autonomous_mobile_robot/package.dsv'
[15.124s] INFO:colcon.colcon_core.shell:Creating package script '/home/kowshikraj/robot_ws/install/autonomous_mobile_robot/share/autonomous_mobile_robot/package.sh'
[15.124s] INFO:colcon.colcon_core.shell:Creating package script '/home/kowshikraj/robot_ws/install/autonomous_mobile_robot/share/autonomous_mobile_robot/package.bash'
[15.125s] INFO:colcon.colcon_core.shell:Creating package script '/home/kowshikraj/robot_ws/install/autonomous_mobile_robot/share/autonomous_mobile_robot/package.zsh'
[15.125s] Level 1:colcon.colcon_core.environment:create_file_with_runtime_dependencies(/home/kowshikraj/robot_ws/install/autonomous_mobile_robot/share/colcon-core/packages/autonomous_mobile_robot)
[16.926s] DEBUG:colcon.colcon_core.event_handler.log_command:Invoked command in '/home/kowshikraj/robot_ws/build/nav_goal_sender' returned '0': CMAKE_PREFIX_PATH=${CMAKE_PREFIX_PATH}:/home/kowshikraj/robot_ws/install/obstacle_avoidance:/opt/ros/jazzy /usr/bin/cmake --build /home/kowshikraj/robot_ws/build/nav_goal_sender -- -j12 -l12
[16.928s] DEBUG:colcon.colcon_core.event_handler.log_command:Invoking command in '/home/kowshikraj/robot_ws/build/nav_goal_sender': CMAKE_PREFIX_PATH=${CMAKE_PREFIX_PATH}:/home/kowshikraj/robot_ws/install/obstacle_avoidance:/opt/ros/jazzy /usr/bin/cmake --install /home/kowshikraj/robot_ws/build/nav_goal_sender
[17.167s] Level 1:colcon.colcon_core.environment:create_environment_scripts_only(nav_goal_sender)
[17.167s] Level 1:colcon.colcon_core.environment:checking '/home/kowshikraj/robot_ws/install/nav_goal_sender' for CMake module files
[17.168s] DEBUG:colcon.colcon_core.event_handler.log_command:Invoked command in '/home/kowshikraj/robot_ws/build/nav_goal_sender' returned '0': CMAKE_PREFIX_PATH=${CMAKE_PREFIX_PATH}:/home/kowshikraj/robot_ws/install/obstacle_avoidance:/opt/ros/jazzy /usr/bin/cmake --install /home/kowshikraj/robot_ws/build/nav_goal_sender
[17.169s] Level 1:colcon.colcon_core.environment:checking '/home/kowshikraj/robot_ws/install/nav_goal_sender' for CMake config files
[17.169s] Level 1:colcon.colcon_core.shell:create_environment_hook('nav_goal_sender', 'cmake_prefix_path')
[17.169s] INFO:colcon.colcon_core.shell:Creating environment hook '/home/kowshikraj/robot_ws/install/nav_goal_sender/share/nav_goal_sender/hook/cmake_prefix_path.ps1'
[17.170s] INFO:colcon.colcon_core.shell:Creating environment descriptor '/home/kowshikraj/robot_ws/install/nav_goal_sender/share/nav_goal_sender/hook/cmake_prefix_path.dsv'
[17.171s] INFO:colcon.colcon_core.shell:Creating environment hook '/home/kowshikraj/robot_ws/install/nav_goal_sender/share/nav_goal_sender/hook/cmake_prefix_path.sh'
[17.172s] Level 1:colcon.colcon_core.environment:checking '/home/kowshikraj/robot_ws/install/nav_goal_sender/lib'
[17.172s] Level 1:colcon.colcon_core.environment:checking '/home/kowshikraj/robot_ws/install/nav_goal_sender/bin'
[17.172s] Level 1:colcon.colcon_core.environment:checking '/home/kowshikraj/robot_ws/install/nav_goal_sender/lib/pkgconfig/nav_goal_sender.pc'
[17.172s] Level 1:colcon.colcon_core.environment:checking '/home/kowshikraj/robot_ws/install/nav_goal_sender/lib/python3.12/site-packages'
[17.173s] Level 1:colcon.colcon_core.environment:checking '/home/kowshikraj/robot_ws/install/nav_goal_sender/bin'
[17.173s] INFO:colcon.colcon_core.shell:Creating package script '/home/kowshikraj/robot_ws/install/nav_goal_sender/share/nav_goal_sender/package.ps1'
[17.174s] INFO:colcon.colcon_core.shell:Creating package descriptor '/home/kowshikraj/robot_ws/install/nav_goal_sender/share/nav_goal_sender/package.dsv'
[17.175s] INFO:colcon.colcon_core.shell:Creating package script '/home/kowshikraj/robot_ws/install/nav_goal_sender/share/nav_goal_sender/package.sh'
[17.176s] INFO:colcon.colcon_core.shell:Creating package script '/home/kowshikraj/robot_ws/install/nav_goal_sender/share/nav_goal_sender/package.bash'
[17.176s] INFO:colcon.colcon_core.shell:Creating package script '/home/kowshikraj/robot_ws/install/nav_goal_sender/share/nav_goal_sender/package.zsh'
[17.176s] Level 1:colcon.colcon_core.environment:create_file_with_runtime_dependencies(/home/kowshikraj/robot_ws/install/nav_goal_sender/share/colcon-core/packages/nav_goal_sender)
[17.178s] Level 1:colcon.colcon_core.environment:create_environment_scripts_only(nav_goal_sender)
[17.178s] Level 1:colcon.colcon_core.environment:checking '/home/kowshikraj/robot_ws/install/nav_goal_sender' for CMake module files
[17.179s] Level 1:colcon.colcon_core.environment:checking '/home/kowshikraj/robot_ws/install/nav_goal_sender' for CMake config files
[17.179s] Level 1:colcon.colcon_core.shell:create_environment_hook('nav_goal_sender', 'cmake_prefix_path')
[17.179s] INFO:colcon.colcon_core.shell:Creating environment hook '/home/kowshikraj/robot_ws/install/nav_goal_sender/share/nav_goal_sender/hook/cmake_prefix_path.ps1'
[17.180s] INFO:colcon.colcon_core.shell:Creating environment descriptor '/home/kowshikraj/robot_ws/install/nav_goal_sender/share/nav_goal_sender/hook/cmake_prefix_path.dsv'
[17.180s] INFO:colcon.colcon_core.shell:Creating environment hook '/home/kowshikraj/robot_ws/install/nav_goal_sender/share/nav_goal_sender/hook/cmake_prefix_path.sh'
[17.181s] Level 1:colcon.colcon_core.environment:checking '/home/kowshikraj/robot_ws/install/nav_goal_sender/lib'
[17.181s] Level 1:colcon.colcon_core.environment:checking '/home/kowshikraj/robot_ws/install/nav_goal_sender/bin'
[17.181s] Level 1:colcon.colcon_core.environment:checking '/home/kowshikraj/robot_ws/install/nav_goal_sender/lib/pkgconfig/nav_goal_sender.pc'
[17.182s] Level 1:colcon.colcon_core.environment:checking '/home/kowshikraj/robot_ws/install/nav_goal_sender/lib/python3.12/site-packages'
[17.182s] Level 1:colcon.colcon_core.environment:checking '/home/kowshikraj/robot_ws/install/nav_goal_sender/bin'
[17.182s] INFO:colcon.colcon_core.shell:Creating package script '/home/kowshikraj/robot_ws/install/nav_goal_sender/share/nav_goal_sender/package.ps1'
[17.183s] INFO:colcon.colcon_core.shell:Creating package descriptor '/home/kowshikraj/robot_ws/install/nav_goal_sender/share/nav_goal_sender/package.dsv'
[17.184s] INFO:colcon.colcon_core.shell:Creating package script '/home/kowshikraj/robot_ws/install/nav_goal_sender/share/nav_goal_sender/package.sh'
[17.184s] INFO:colcon.colcon_core.shell:Creating package script '/home/kowshikraj/robot_ws/install/nav_goal_sender/share/nav_goal_sender/package.bash'
[17.185s] INFO:colcon.colcon_core.shell:Creating package script '/home/kowshikraj/robot_ws/install/nav_goal_sender/share/nav_goal_sender/package.zsh'
[17.186s] Level 1:colcon.colcon_core.environment:create_file_with_runtime_dependencies(/home/kowshikraj/robot_ws/install/nav_goal_sender/share/colcon-core/packages/nav_goal_sender)
[17.186s] DEBUG:colcon.colcon_parallel_executor.executor.parallel:closing loop
[17.187s] DEBUG:colcon.colcon_parallel_executor.executor.parallel:loop closed
[17.188s] DEBUG:colcon.colcon_parallel_executor.executor.parallel:run_until_complete finished with '0'
[17.188s] DEBUG:colcon.colcon_core.event_reactor:joining thread
[17.325s] INFO:colcon.colcon_core.plugin_system:Skipping extension 'colcon_notification.desktop_notification.notify_send': Could not find 'notify-send'
[17.326s] INFO:colcon.colcon_core.plugin_system:Skipping extension 'colcon_notification.desktop_notification.terminal_notifier': Not used on non-Darwin systems
[17.326s] INFO:colcon.colcon_core.plugin_system:Skipping extension 'colcon_notification.desktop_notification.win32': Not used on non-Windows systems
[17.326s] INFO:colcon.colcon_notification.desktop_notification:Sending desktop notification using 'notify2'
[17.328s] DEBUG:colcon.colcon_notification.desktop_notification.notify2:Failed to initialize notify2: org.freedesktop.DBus.Error.ServiceUnknown: The name org.freedesktop.Notifications was not provided by any .service files
[17.328s] DEBUG:colcon.colcon_core.event_reactor:joined thread
[17.329s] INFO:colcon.colcon_core.shell:Creating prefix script '/home/kowshikraj/robot_ws/install/local_setup.ps1'
[17.331s] INFO:colcon.colcon_core.shell:Creating prefix util module '/home/kowshikraj/robot_ws/install/_local_setup_util_ps1.py'
[17.333s] INFO:colcon.colcon_core.shell:Creating prefix chain script '/home/kowshikraj/robot_ws/install/setup.ps1'
[17.335s] INFO:colcon.colcon_core.shell:Creating prefix script '/home/kowshikraj/robot_ws/install/local_setup.sh'
[17.336s] INFO:colcon.colcon_core.shell:Creating prefix util module '/home/kowshikraj/robot_ws/install/_local_setup_util_sh.py'
[17.337s] INFO:colcon.colcon_core.shell:Creating prefix chain script '/home/kowshikraj/robot_ws/install/setup.sh'
[17.339s] INFO:colcon.colcon_core.shell:Creating prefix script '/home/kowshikraj/robot_ws/install/local_setup.bash'
[17.339s] INFO:colcon.colcon_core.shell:Creating prefix chain script '/home/kowshikraj/robot_ws/install/setup.bash'
[17.341s] INFO:colcon.colcon_core.shell:Creating prefix script '/home/kowshikraj/robot_ws/install/local_setup.zsh'
[17.342s] INFO:colcon.colcon_core.shell:Creating prefix chain script '/home/kowshikraj/robot_ws/install/setup.zsh'
