-- The C compiler identification is GNU 13.3.0
-- The CXX compiler identification is GNU 13.3.0
-- Detecting C compiler ABI info
-- Detecting C compiler ABI info - done
-- Check for working C compiler: /usr/bin/cc - skipped
-- Detecting C compile features
-- Detecting C compile features - done
-- Detecting CXX compiler ABI info
-- Detecting CXX compiler ABI info - done
-- Check for working CXX compiler: /usr/bin/c++ - skipped
-- Detecting CXX compile features
-- Detecting CXX compile features - done
-- Found ament_cmake: 2.5.6 (/opt/ros/jazzy/share/ament_cmake/cmake)
-- Found Python3: /usr/bin/python3 (found version "3.12.3") found components: Interpreter 
-- Override CMake install command with custom implementation using symlinks instead of copying resources
-- Found rclcpp: 28.1.18 (/opt/ros/jazzy/share/rclcpp/cmake)
-- Found rosidl_generator_c: 4.6.7 (/opt/ros/jazzy/share/rosidl_generator_c/cmake)
-- Found rosidl_generator_cpp: 4.6.7 (/opt/ros/jazzy/share/rosidl_generator_cpp/cmake)
-- Using all available rosidl_typesupport_c: rosidl_typesupport_fastrtps_c;rosidl_typesupport_introspection_c
-- Using all available rosidl_typesupport_cpp: rosidl_typesupport_fastrtps_cpp;rosidl_typesupport_introspection_cpp
-- Found rmw_implementation_cmake: 7.3.3 (/opt/ros/jazzy/share/rmw_implementation_cmake/cmake)
-- Found rmw_fastrtps_cpp: 8.4.3 (/opt/ros/jazzy/share/rmw_fastrtps_cpp/cmake)
-- Found OpenSSL: /usr/lib/x86_64-linux-gnu/libcrypto.so (found version "3.0.13")  
-- Found FastRTPS: /opt/ros/jazzy/include (Required is at least version "2.13") 
-- Using RMW implementation 'rmw_fastrtps_cpp' as default
-- Found rclcpp_action: 28.1.18 (/opt/ros/jazzy/share/rclcpp_action/cmake)
-- Found nav2_msgs: 1.3.11 (/opt/ros/jazzy/share/nav2_msgs/cmake)
-- Found tf2: 0.36.20 (/opt/ros/jazzy/share/tf2/cmake)
-- Configuring done (5.1s)
-- Generating done (0.0s)
-- Build files have been written to: /home/kowshikraj/robot_ws/build/nav_goal_sender
[ 50%] [32mBuilding CXX object CMakeFiles/nav_goal_sender.dir/src/nav_goal_sender.cpp.o[0m
[100%] [32m[1mLinking CXX executable nav_goal_sender[0m
[100%] Built target nav_goal_sender
-- Install configuration: ""
-- Execute custom install script
-- Symlinking: /home/kowshikraj/robot_ws/install/nav_goal_sender/lib/nav_goal_sender/nav_goal_sender
-- Symlinking: /home/kowshikraj/robot_ws/install/nav_goal_sender/share/ament_index/resource_index/package_run_dependencies/nav_goal_sender
-- Symlinking: /home/kowshikraj/robot_ws/install/nav_goal_sender/share/ament_index/resource_index/parent_prefix_path/nav_goal_sender
-- Symlinking: /home/kowshikraj/robot_ws/install/nav_goal_sender/share/nav_goal_sender/environment/ament_prefix_path.sh
-- Symlinking: /home/kowshikraj/robot_ws/install/nav_goal_sender/share/nav_goal_sender/environment/ament_prefix_path.dsv
-- Symlinking: /home/kowshikraj/robot_ws/install/nav_goal_sender/share/nav_goal_sender/environment/path.sh
-- Symlinking: /home/kowshikraj/robot_ws/install/nav_goal_sender/share/nav_goal_sender/environment/path.dsv
-- Symlinking: /home/kowshikraj/robot_ws/install/nav_goal_sender/share/nav_goal_sender/local_setup.bash
-- Symlinking: /home/kowshikraj/robot_ws/install/nav_goal_sender/share/nav_goal_sender/local_setup.sh
-- Symlinking: /home/kowshikraj/robot_ws/install/nav_goal_sender/share/nav_goal_sender/local_setup.zsh
-- Symlinking: /home/kowshikraj/robot_ws/install/nav_goal_sender/share/nav_goal_sender/local_setup.dsv
-- Symlinking: /home/kowshikraj/robot_ws/install/nav_goal_sender/share/nav_goal_sender/package.dsv
-- Symlinking: /home/kowshikraj/robot_ws/install/nav_goal_sender/share/ament_index/resource_index/packages/nav_goal_sender
-- Symlinking: /home/kowshikraj/robot_ws/install/nav_goal_sender/share/nav_goal_sender/cmake/nav_goal_senderConfig.cmake
-- Symlinking: /home/kowshikraj/robot_ws/install/nav_goal_sender/share/nav_goal_sender/cmake/nav_goal_senderConfig-version.cmake
-- Symlinking: /home/kowshikraj/robot_ws/install/nav_goal_sender/share/nav_goal_sender/package.xml
