[0.037s] Invoking command in '/home/kowshikraj/robot_ws/build/nav_goal_sender': CMAKE_PREFIX_PATH=${CMAKE_PREFIX_PATH}:/home/kowshikraj/robot_ws/install/obstacle_avoidance:/opt/ros/jazzy /usr/bin/cmake /home/kowshikraj/robot_ws/src/nav_goal_sender -DAMENT_CMAKE_SYMLINK_INSTALL=1 -DCMAKE_INSTALL_PREFIX=/home/kowshikraj/robot_ws/install/nav_goal_sender
[0.224s] -- The C compiler identification is GNU 13.3.0
[1.077s] -- The CXX compiler identification is GNU 13.3.0
[1.871s] -- Detecting C compiler ABI info
[2.246s] -- Detecting C compiler ABI info - done
[2.265s] -- Check for working C compiler: /usr/bin/cc - skipped
[2.265s] -- Detecting C compile features
[2.266s] -- Detecting C compile features - done
[2.392s] -- Detecting CXX compiler ABI info
[2.853s] -- Detecting CXX compiler ABI info - done
[2.873s] -- Check for working CXX compiler: /usr/bin/c++ - skipped
[2.873s] -- Detecting CXX compile features
[2.874s] -- Detecting CXX compile features - done
[2.883s] -- Found ament_cmake: 2.5.6 (/opt/ros/jazzy/share/ament_cmake/cmake)
[3.167s] -- Found Python3: /usr/bin/python3 (found version "3.12.3") found components: Interpreter 
[3.301s] -- Override CMake install command with custom implementation using symlinks instead of copying resources
[3.391s] -- Found rclcpp: 28.1.18 (/opt/ros/jazzy/share/rclcpp/cmake)
[3.633s] -- Found rosidl_generator_c: 4.6.7 (/opt/ros/jazzy/share/rosidl_generator_c/cmake)
[3.661s] -- Found rosidl_generator_cpp: 4.6.7 (/opt/ros/jazzy/share/rosidl_generator_cpp/cmake)
[3.689s] -- Using all available rosidl_typesupport_c: rosidl_typesupport_fastrtps_c;rosidl_typesupport_introspection_c
[3.723s] -- Using all available rosidl_typesupport_cpp: rosidl_typesupport_fastrtps_cpp;rosidl_typesupport_introspection_cpp
[3.865s] -- Found rmw_implementation_cmake: 7.3.3 (/opt/ros/jazzy/share/rmw_implementation_cmake/cmake)
[3.871s] -- Found rmw_fastrtps_cpp: 8.4.3 (/opt/ros/jazzy/share/rmw_fastrtps_cpp/cmake)
[3.999s] -- Found OpenSSL: /usr/lib/x86_64-linux-gnu/libcrypto.so (found version "3.0.13")  
[4.226s] -- Found FastRTPS: /opt/ros/jazzy/include (Required is at least version "2.13") 
[4.347s] -- Using RMW implementation 'rmw_fastrtps_cpp' as default
[4.600s] -- Found rclcpp_action: 28.1.18 (/opt/ros/jazzy/share/rclcpp_action/cmake)
[4.694s] -- Found nav2_msgs: 1.3.11 (/opt/ros/jazzy/share/nav2_msgs/cmake)
[4.966s] -- Found tf2: 0.36.20 (/opt/ros/jazzy/share/tf2/cmake)
[5.187s] -- Configuring done (5.1s)
[5.220s] -- Generating done (0.0s)
[5.229s] -- Build files have been written to: /home/kowshikraj/robot_ws/build/nav_goal_sender
[5.252s] Invoked command in '/home/kowshikraj/robot_ws/build/nav_goal_sender' returned '0': CMAKE_PREFIX_PATH=${CMAKE_PREFIX_PATH}:/home/kowshikraj/robot_ws/install/obstacle_avoidance:/opt/ros/jazzy /usr/bin/cmake /home/kowshikraj/robot_ws/src/nav_goal_sender -DAMENT_CMAKE_SYMLINK_INSTALL=1 -DCMAKE_INSTALL_PREFIX=/home/kowshikraj/robot_ws/install/nav_goal_sender
[5.254s] Invoking command in '/home/kowshikraj/robot_ws/build/nav_goal_sender': CMAKE_PREFIX_PATH=${CMAKE_PREFIX_PATH}:/home/kowshikraj/robot_ws/install/obstacle_avoidance:/opt/ros/jazzy /usr/bin/cmake --build /home/kowshikraj/robot_ws/build/nav_goal_sender -- -j12 -l12
[5.355s] [ 50%] [32mBuilding CXX object CMakeFiles/nav_goal_sender.dir/src/nav_goal_sender.cpp.o[0m
[12.958s] [100%] [32m[1mLinking CXX executable nav_goal_sender[0m
[13.362s] [100%] Built target nav_goal_sender
[13.380s] Invoked command in '/home/kowshikraj/robot_ws/build/nav_goal_sender' returned '0': CMAKE_PREFIX_PATH=${CMAKE_PREFIX_PATH}:/home/kowshikraj/robot_ws/install/obstacle_avoidance:/opt/ros/jazzy /usr/bin/cmake --build /home/kowshikraj/robot_ws/build/nav_goal_sender -- -j12 -l12
[13.382s] Invoking command in '/home/kowshikraj/robot_ws/build/nav_goal_sender': CMAKE_PREFIX_PATH=${CMAKE_PREFIX_PATH}:/home/kowshikraj/robot_ws/install/obstacle_avoidance:/opt/ros/jazzy /usr/bin/cmake --install /home/kowshikraj/robot_ws/build/nav_goal_sender
[13.392s] -- Install configuration: ""
[13.393s] -- Execute custom install script
[13.394s] -- Symlinking: /home/kowshikraj/robot_ws/install/nav_goal_sender/lib/nav_goal_sender/nav_goal_sender
[13.407s] -- Symlinking: /home/kowshikraj/robot_ws/install/nav_goal_sender/share/ament_index/resource_index/package_run_dependencies/nav_goal_sender
[13.420s] -- Symlinking: /home/kowshikraj/robot_ws/install/nav_goal_sender/share/ament_index/resource_index/parent_prefix_path/nav_goal_sender
[13.434s] -- Symlinking: /home/kowshikraj/robot_ws/install/nav_goal_sender/share/nav_goal_sender/environment/ament_prefix_path.sh
[13.452s] -- Symlinking: /home/kowshikraj/robot_ws/install/nav_goal_sender/share/nav_goal_sender/environment/ament_prefix_path.dsv
[13.466s] -- Symlinking: /home/kowshikraj/robot_ws/install/nav_goal_sender/share/nav_goal_sender/environment/path.sh
[13.482s] -- Symlinking: /home/kowshikraj/robot_ws/install/nav_goal_sender/share/nav_goal_sender/environment/path.dsv
[13.498s] -- Symlinking: /home/kowshikraj/robot_ws/install/nav_goal_sender/share/nav_goal_sender/local_setup.bash
[13.513s] -- Symlinking: /home/kowshikraj/robot_ws/install/nav_goal_sender/share/nav_goal_sender/local_setup.sh
[13.526s] -- Symlinking: /home/kowshikraj/robot_ws/install/nav_goal_sender/share/nav_goal_sender/local_setup.zsh
[13.539s] -- Symlinking: /home/kowshikraj/robot_ws/install/nav_goal_sender/share/nav_goal_sender/local_setup.dsv
[13.552s] -- Symlinking: /home/kowshikraj/robot_ws/install/nav_goal_sender/share/nav_goal_sender/package.dsv
[13.568s] -- Symlinking: /home/kowshikraj/robot_ws/install/nav_goal_sender/share/ament_index/resource_index/packages/nav_goal_sender
[13.581s] -- Symlinking: /home/kowshikraj/robot_ws/install/nav_goal_sender/share/nav_goal_sender/cmake/nav_goal_senderConfig.cmake
[13.595s] -- Symlinking: /home/kowshikraj/robot_ws/install/nav_goal_sender/share/nav_goal_sender/cmake/nav_goal_senderConfig-version.cmake
[13.608s] -- Symlinking: /home/kowshikraj/robot_ws/install/nav_goal_sender/share/nav_goal_sender/package.xml
[13.622s] Invoked command in '/home/kowshikraj/robot_ws/build/nav_goal_sender' returned '0': CMAKE_PREFIX_PATH=${CMAKE_PREFIX_PATH}:/home/kowshikraj/robot_ws/install/obstacle_avoidance:/opt/ros/jazzy /usr/bin/cmake --install /home/kowshikraj/robot_ws/build/nav_goal_sender
