[0.039s] Invoking command in '/home/kowshikraj/robot_ws/build/autonomous_mobile_robot': CMAKE_PREFIX_PATH=${CMAKE_PREFIX_PATH}:/home/kowshikraj/robot_ws/install/obstacle_avoidance:/opt/ros/jazzy /usr/bin/cmake --build /home/kowshikraj/robot_ws/build/autonomous_mobile_robot -- -j12 -l12
[0.147s] [100%] Built target robot_node
[0.502s] Invoked command in '/home/kowshikraj/robot_ws/build/autonomous_mobile_robot' returned '0': CMAKE_PREFIX_PATH=${CMAKE_PREFIX_PATH}:/home/kowshikraj/robot_ws/install/obstacle_avoidance:/opt/ros/jazzy /usr/bin/cmake --build /home/kowshikraj/robot_ws/build/autonomous_mobile_robot -- -j12 -l12
[0.516s] Invoking command in '/home/kowshikraj/robot_ws/build/autonomous_mobile_robot': CMAKE_PREFIX_PATH=${CMAKE_PREFIX_PATH}:/home/kowshikraj/robot_ws/install/obstacle_avoidance:/opt/ros/jazzy /usr/bin/cmake --install /home/kowshikraj/robot_ws/build/autonomous_mobile_robot
[0.526s] -- Install configuration: ""
[0.527s] -- Execute custom install script
[0.527s] -- Up-to-date symlink: /home/kowshikraj/robot_ws/install/autonomous_mobile_robot/lib/autonomous_mobile_robot/robot_node
[0.528s] -- Up-to-date symlink: /home/kowshikraj/robot_ws/install/autonomous_mobile_robot/include/autonomous_mobile_robot/common/parameters.hpp
[0.529s] -- Up-to-date symlink: /home/kowshikraj/robot_ws/install/autonomous_mobile_robot/include/autonomous_mobile_robot/common/types.hpp
[0.529s] -- Up-to-date symlink: /home/kowshikraj/robot_ws/install/autonomous_mobile_robot/include/autonomous_mobile_robot/controller/controller.hpp
[0.530s] -- Up-to-date symlink: /home/kowshikraj/robot_ws/install/autonomous_mobile_robot/include/autonomous_mobile_robot/navigation/navigation.hpp
[0.530s] -- Up-to-date symlink: /home/kowshikraj/robot_ws/install/autonomous_mobile_robot/include/autonomous_mobile_robot/perception/perception.hpp
[0.530s] -- Up-to-date symlink: /home/kowshikraj/robot_ws/install/autonomous_mobile_robot/include/autonomous_mobile_robot/robot_node.hpp
[0.530s] -- Up-to-date symlink: /home/kowshikraj/robot_ws/install/autonomous_mobile_robot/include/autonomous_mobile_robot/state_machine/state_machine.hpp
[0.531s] -- Up-to-date symlink: /home/kowshikraj/robot_ws/install/autonomous_mobile_robot/share/autonomous_mobile_robot/launch/autonomous_mobile_robot.launch.py
[0.531s] -- Up-to-date symlink: /home/kowshikraj/robot_ws/install/autonomous_mobile_robot/share/autonomous_mobile_robot/config/robot.yaml
[0.532s] -- Up-to-date symlink: /home/kowshikraj/robot_ws/install/autonomous_mobile_robot/share/ament_index/resource_index/package_run_dependencies/autonomous_mobile_robot
[0.532s] -- Up-to-date symlink: /home/kowshikraj/robot_ws/install/autonomous_mobile_robot/share/ament_index/resource_index/parent_prefix_path/autonomous_mobile_robot
[0.533s] -- Up-to-date symlink: /home/kowshikraj/robot_ws/install/autonomous_mobile_robot/share/autonomous_mobile_robot/environment/ament_prefix_path.sh
[0.533s] -- Up-to-date symlink: /home/kowshikraj/robot_ws/install/autonomous_mobile_robot/share/autonomous_mobile_robot/environment/ament_prefix_path.dsv
[0.534s] -- Up-to-date symlink: /home/kowshikraj/robot_ws/install/autonomous_mobile_robot/share/autonomous_mobile_robot/environment/path.sh
[0.534s] -- Up-to-date symlink: /home/kowshikraj/robot_ws/install/autonomous_mobile_robot/share/autonomous_mobile_robot/environment/path.dsv
[0.535s] -- Up-to-date symlink: /home/kowshikraj/robot_ws/install/autonomous_mobile_robot/share/autonomous_mobile_robot/local_setup.bash
[0.535s] -- Up-to-date symlink: /home/kowshikraj/robot_ws/install/autonomous_mobile_robot/share/autonomous_mobile_robot/local_setup.sh
[0.535s] -- Up-to-date symlink: /home/kowshikraj/robot_ws/install/autonomous_mobile_robot/share/autonomous_mobile_robot/local_setup.zsh
[0.536s] -- Up-to-date symlink: /home/kowshikraj/robot_ws/install/autonomous_mobile_robot/share/autonomous_mobile_robot/local_setup.dsv
[0.536s] -- Symlinking: /home/kowshikraj/robot_ws/install/autonomous_mobile_robot/share/autonomous_mobile_robot/package.dsv
[0.548s] -- Up-to-date symlink: /home/kowshikraj/robot_ws/install/autonomous_mobile_robot/share/ament_index/resource_index/packages/autonomous_mobile_robot
[0.548s] -- Up-to-date symlink: /home/kowshikraj/robot_ws/install/autonomous_mobile_robot/share/autonomous_mobile_robot/cmake/autonomous_mobile_robotConfig.cmake
[0.548s] -- Up-to-date symlink: /home/kowshikraj/robot_ws/install/autonomous_mobile_robot/share/autonomous_mobile_robot/cmake/autonomous_mobile_robotConfig-version.cmake
[0.549s] -- Up-to-date symlink: /home/kowshikraj/robot_ws/install/autonomous_mobile_robot/share/autonomous_mobile_robot/package.xml
[0.552s] Invoked command in '/home/kowshikraj/robot_ws/build/autonomous_mobile_robot' returned '0': CMAKE_PREFIX_PATH=${CMAKE_PREFIX_PATH}:/home/kowshikraj/robot_ws/install/obstacle_avoidance:/opt/ros/jazzy /usr/bin/cmake --install /home/kowshikraj/robot_ws/build/autonomous_mobile_robot
