[1.788s] Invoking command in '/home/kowshikraj/robot_ws/build/obstacle_avoidance': PYTHONPATH=/home/kowshikraj/robot_ws/build/obstacle_avoidance/prefix_override:/usr/lib/python3/dist-packages/colcon_core/task/python/colcon_distutils_commands:/home/kowshikraj/robot_ws/install/obstacle_avoidance/lib/python3.12/site-packages:${PYTHONPATH} /usr/bin/python3 -W ignore:setup.py install is deprecated -W ignore:easy_install command is deprecated setup.py develop --editable --build-directory /home/kowshikraj/robot_ws/build/obstacle_avoidance/build --no-deps symlink_data
[2.607s] running develop
[3.087s] running egg_info
[3.087s] creating obstacle_avoidance.egg-info
[3.133s] writing obstacle_avoidance.egg-info/PKG-INFO
[3.134s] writing dependency_links to obstacle_avoidance.egg-info/dependency_links.txt
[3.134s] writing entry points to obstacle_avoidance.egg-info/entry_points.txt
[3.135s] writing requirements to obstacle_avoidance.egg-info/requires.txt
[3.135s] writing top-level names to obstacle_avoidance.egg-info/top_level.txt
[3.135s] writing manifest file 'obstacle_avoidance.egg-info/SOURCES.txt'
[3.208s] reading manifest file 'obstacle_avoidance.egg-info/SOURCES.txt'
[3.209s] writing manifest file 'obstacle_avoidance.egg-info/SOURCES.txt'
[3.253s] running build_ext
[3.253s] Creating /home/kowshikraj/robot_ws/install/obstacle_avoidance/lib/python3.12/site-packages/obstacle-avoidance.egg-link (link to .)
[3.254s] Installing obstacle_avoidance script to /home/kowshikraj/robot_ws/install/obstacle_avoidance/lib/obstacle_avoidance
[3.255s] 
[3.256s] Installed /home/kowshikraj/robot_ws/build/obstacle_avoidance
[3.256s] running symlink_data
[3.257s] creating /home/kowshikraj/robot_ws/install/obstacle_avoidance/share/ament_index
[3.257s] creating /home/kowshikraj/robot_ws/install/obstacle_avoidance/share/ament_index/resource_index
[3.257s] creating /home/kowshikraj/robot_ws/install/obstacle_avoidance/share/ament_index/resource_index/packages
[3.258s] symbolically linking /home/kowshikraj/robot_ws/build/obstacle_avoidance/resource/obstacle_avoidance -> /home/kowshikraj/robot_ws/install/obstacle_avoidance/share/ament_index/resource_index/packages
[3.259s] symbolically linking /home/kowshikraj/robot_ws/build/obstacle_avoidance/package.xml -> /home/kowshikraj/robot_ws/install/obstacle_avoidance/share/obstacle_avoidance
[3.321s] Invoked command in '/home/kowshikraj/robot_ws/build/obstacle_avoidance' returned '0': PYTHONPATH=/home/kowshikraj/robot_ws/build/obstacle_avoidance/prefix_override:/usr/lib/python3/dist-packages/colcon_core/task/python/colcon_distutils_commands:/home/kowshikraj/robot_ws/install/obstacle_avoidance/lib/python3.12/site-packages:${PYTHONPATH} /usr/bin/python3 -W ignore:setup.py install is deprecated -W ignore:easy_install command is deprecated setup.py develop --editable --build-directory /home/kowshikraj/robot_ws/build/obstacle_avoidance/build --no-deps symlink_data
