[0.236s] DEBUG:colcon:Command line arguments: ['/usr/bin/colcon', 'build', '--symlink-install']
[0.236s] DEBUG:colcon:Parsed command line arguments: Namespace(log_base=None, log_level=None, verb_name='build', build_base='build', install_base='install', merge_install=False, symlink_install=True, test_result_base=None, continue_on_error=False, executor='parallel', parallel_workers=12, event_handlers=None, ignore_user_meta=False, metas=['./colcon.meta'], base_paths=['.'], packages_ignore=None, packages_ignore_regex=None, paths=None, packages_up_to=None, packages_up_to_regex=None, packages_above=None, packages_above_and_dependencies=None, packages_above_depth=None, packages_select_by_dep=None, packages_skip_by_dep=None, packages_skip_up_to=None, packages_select_build_failed=False, packages_skip_build_finished=False, packages_select_test_failures=False, packages_skip_test_passed=False, packages_select=None, packages_skip=None, packages_select_regex=None, packages_skip_regex=None, packages_start=None, packages_end=None, allow_overriding=[], cmake_args=None, cmake_target=None, cmake_target_skip_unavailable=False, cmake_clean_cache=False, cmake_clean_first=False, cmake_force_configure=False, ament_cmake_args=None, catkin_cmake_args=None, catkin_skip_building_tests=False, verb_parser=<colcon_defaults.argument_parser.defaults.DefaultArgumentsDecorator object at 0x7c4a05ea06e0>, verb_extension=<colcon_core.verb.build.BuildVerb object at 0x7c4a05e7b920>, main=<bound method BuildVerb.main of <colcon_core.verb.build.BuildVerb object at 0x7c4a05e7b920>>)
[0.298s] Level 1:colcon.colcon_core.package_discovery:discover_packages(colcon_meta) check parameters
[0.298s] Level 1:colcon.colcon_core.package_discovery:discover_packages(recursive) check parameters
[0.298s] Level 1:colcon.colcon_core.package_discovery:discover_packages(ignore) check parameters
[0.298s] Level 1:colcon.colcon_core.package_discovery:discover_packages(path) check parameters
[0.298s] Level 1:colcon.colcon_core.package_discovery:discover_packages(colcon_meta) discover
[0.299s] Level 1:colcon.colcon_core.package_discovery:discover_packages(recursive) discover
[0.299s] INFO:colcon.colcon_core.package_discovery:Crawling recursively for packages in '/home/kowshikraj/robot_ws'
[0.299s] Level 1:colcon.colcon_core.package_identification:_identify(.) by extensions ['ignore', 'ignore_ament_install']
[0.300s] Level 1:colcon.colcon_core.package_identification:_identify(.) by extension 'ignore'
[0.300s] Level 1:colcon.colcon_core.package_identification:_identify(.) by extension 'ignore_ament_install'
[0.300s] Level 1:colcon.colcon_core.package_identification:_identify(.) by extensions ['colcon_pkg']
[0.300s] Level 1:colcon.colcon_core.package_identification:_identify(.) by extension 'colcon_pkg'
[0.300s] Level 1:colcon.colcon_core.package_identification:_identify(.) by extensions ['colcon_meta']
[0.300s] Level 1:colcon.colcon_core.package_identification:_identify(.) by extension 'colcon_meta'
[0.300s] Level 1:colcon.colcon_core.package_identification:_identify(.) by extensions ['ros']
[0.300s] Level 1:colcon.colcon_core.package_identification:_identify(.) by extension 'ros'
[0.340s] Level 1:colcon.colcon_core.package_identification:_identify(.) by extensions ['cmake', 'python']
[0.341s] Level 1:colcon.colcon_core.package_identification:_identify(.) by extension 'cmake'
[0.341s] Level 1:colcon.colcon_core.package_identification:_identify(.) by extension 'python'
[0.341s] Level 1:colcon.colcon_core.package_identification:_identify(.) by extensions ['python_setup_py']
[0.341s] Level 1:colcon.colcon_core.package_identification:_identify(.) by extension 'python_setup_py'
[0.341s] Level 1:colcon.colcon_core.package_identification:_identify(build) by extensions ['ignore', 'ignore_ament_install']
[0.341s] Level 1:colcon.colcon_core.package_identification:_identify(build) by extension 'ignore'
[0.341s] Level 1:colcon.colcon_core.package_identification:_identify(build) ignored
[0.342s] Level 1:colcon.colcon_core.package_identification:_identify(install) by extensions ['ignore', 'ignore_ament_install']
[0.342s] Level 1:colcon.colcon_core.package_identification:_identify(install) by extension 'ignore'
[0.342s] Level 1:colcon.colcon_core.package_identification:_identify(install) ignored
[0.342s] Level 1:colcon.colcon_core.package_identification:_identify(log) by extensions ['ignore', 'ignore_ament_install']
[0.343s] Level 1:colcon.colcon_core.package_identification:_identify(log) by extension 'ignore'
[0.343s] Level 1:colcon.colcon_core.package_identification:_identify(log) ignored
[0.343s] Level 1:colcon.colcon_core.package_identification:_identify(maps) by extensions ['ignore', 'ignore_ament_install']
[0.343s] Level 1:colcon.colcon_core.package_identification:_identify(maps) by extension 'ignore'
[0.343s] Level 1:colcon.colcon_core.package_identification:_identify(maps) by extension 'ignore_ament_install'
[0.343s] Level 1:colcon.colcon_core.package_identification:_identify(maps) by extensions ['colcon_pkg']
[0.344s] Level 1:colcon.colcon_core.package_identification:_identify(maps) by extension 'colcon_pkg'
[0.344s] Level 1:colcon.colcon_core.package_identification:_identify(maps) by extensions ['colcon_meta']
[0.344s] Level 1:colcon.colcon_core.package_identification:_identify(maps) by extension 'colcon_meta'
[0.344s] Level 1:colcon.colcon_core.package_identification:_identify(maps) by extensions ['ros']
[0.344s] Level 1:colcon.colcon_core.package_identification:_identify(maps) by extension 'ros'
[0.344s] Level 1:colcon.colcon_core.package_identification:_identify(maps) by extensions ['cmake', 'python']
[0.344s] Level 1:colcon.colcon_core.package_identification:_identify(maps) by extension 'cmake'
[0.345s] Level 1:colcon.colcon_core.package_identification:_identify(maps) by extension 'python'
[0.345s] Level 1:colcon.colcon_core.package_identification:_identify(maps) by extensions ['python_setup_py']
[0.345s] Level 1:colcon.colcon_core.package_identification:_identify(maps) by extension 'python_setup_py'
[0.345s] Level 1:colcon.colcon_core.package_identification:_identify(src) by extensions ['ignore', 'ignore_ament_install']
[0.345s] Level 1:colcon.colcon_core.package_identification:_identify(src) by extension 'ignore'
[0.346s] Level 1:colcon.colcon_core.package_identification:_identify(src) by extension 'ignore_ament_install'
[0.346s] Level 1:colcon.colcon_core.package_identification:_identify(src) by extensions ['colcon_pkg']
[0.346s] Level 1:colcon.colcon_core.package_identification:_identify(src) by extension 'colcon_pkg'
[0.346s] Level 1:colcon.colcon_core.package_identification:_identify(src) by extensions ['colcon_meta']
[0.346s] Level 1:colcon.colcon_core.package_identification:_identify(src) by extension 'colcon_meta'
[0.346s] Level 1:colcon.colcon_core.package_identification:_identify(src) by extensions ['ros']
[0.346s] Level 1:colcon.colcon_core.package_identification:_identify(src) by extension 'ros'
[0.346s] Level 1:colcon.colcon_core.package_identification:_identify(src) by extensions ['cmake', 'python']
[0.347s] Level 1:colcon.colcon_core.package_identification:_identify(src) by extension 'cmake'
[0.347s] Level 1:colcon.colcon_core.package_identification:_identify(src) by extension 'python'
[0.347s] Level 1:colcon.colcon_core.package_identification:_identify(src) by extensions ['python_setup_py']
[0.347s] Level 1:colcon.colcon_core.package_identification:_identify(src) by extension 'python_setup_py'
[0.347s] Level 1:colcon.colcon_core.package_identification:_identify(src/autonomous_mobile_robot) by extensions ['ignore', 'ignore_ament_install']
[0.348s] Level 1:colcon.colcon_core.package_identification:_identify(src/autonomous_mobile_robot) by extension 'ignore'
[0.348s] Level 1:colcon.colcon_core.package_identification:_identify(src/autonomous_mobile_robot) by extension 'ignore_ament_install'
[0.348s] Level 1:colcon.colcon_core.package_identification:_identify(src/autonomous_mobile_robot) by extensions ['colcon_pkg']
[0.348s] Level 1:colcon.colcon_core.package_identification:_identify(src/autonomous_mobile_robot) by extension 'colcon_pkg'
[0.348s] Level 1:colcon.colcon_core.package_identification:_identify(src/autonomous_mobile_robot) by extensions ['colcon_meta']
[0.349s] Level 1:colcon.colcon_core.package_identification:_identify(src/autonomous_mobile_robot) by extension 'colcon_meta'
[0.349s] Level 1:colcon.colcon_core.package_identification:_identify(src/autonomous_mobile_robot) by extensions ['ros']
[0.349s] Level 1:colcon.colcon_core.package_identification:_identify(src/autonomous_mobile_robot) by extension 'ros'
[0.354s] DEBUG:colcon.colcon_core.package_identification:Package 'src/autonomous_mobile_robot' with type 'ros.ament_cmake' and name 'autonomous_mobile_robot'
[0.354s] Level 1:colcon.colcon_core.package_identification:_identify(src/nav_goal_sender) by extensions ['ignore', 'ignore_ament_install']
[0.355s] Level 1:colcon.colcon_core.package_identification:_identify(src/nav_goal_sender) by extension 'ignore'
[0.355s] Level 1:colcon.colcon_core.package_identification:_identify(src/nav_goal_sender) by extension 'ignore_ament_install'
[0.355s] Level 1:colcon.colcon_core.package_identification:_identify(src/nav_goal_sender) by extensions ['colcon_pkg']
[0.355s] Level 1:colcon.colcon_core.package_identification:_identify(src/nav_goal_sender) by extension 'colcon_pkg'
[0.355s] Level 1:colcon.colcon_core.package_identification:_identify(src/nav_goal_sender) by extensions ['colcon_meta']
[0.355s] Level 1:colcon.colcon_core.package_identification:_identify(src/nav_goal_sender) by extension 'colcon_meta'
[0.355s] Level 1:colcon.colcon_core.package_identification:_identify(src/nav_goal_sender) by extensions ['ros']
[0.355s] Level 1:colcon.colcon_core.package_identification:_identify(src/nav_goal_sender) by extension 'ros'
[0.356s] DEBUG:colcon.colcon_core.package_identification:Package 'src/nav_goal_sender' with type 'ros.ament_cmake' and name 'nav_goal_sender'
[0.356s] Level 1:colcon.colcon_core.package_identification:_identify(src/obstacle_avoidance) by extensions ['ignore', 'ignore_ament_install']
[0.357s] Level 1:colcon.colcon_core.package_identification:_identify(src/obstacle_avoidance) by extension 'ignore'
[0.357s] Level 1:colcon.colcon_core.package_identification:_identify(src/obstacle_avoidance) by extension 'ignore_ament_install'
[0.357s] Level 1:colcon.colcon_core.package_identification:_identify(src/obstacle_avoidance) by extensions ['colcon_pkg']
[0.357s] Level 1:colcon.colcon_core.package_identification:_identify(src/obstacle_avoidance) by extension 'colcon_pkg'
[0.357s] Level 1:colcon.colcon_core.package_identification:_identify(src/obstacle_avoidance) by extensions ['colcon_meta']
[0.357s] Level 1:colcon.colcon_core.package_identification:_identify(src/obstacle_avoidance) by extension 'colcon_meta'
[0.357s] Level 1:colcon.colcon_core.package_identification:_identify(src/obstacle_avoidance) by extensions ['ros']
[0.357s] Level 1:colcon.colcon_core.package_identification:_identify(src/obstacle_avoidance) by extension 'ros'
[0.358s] DEBUG:colcon.colcon_core.package_identification:Package 'src/obstacle_avoidance' with type 'ros.ament_python' and name 'obstacle_avoidance'
[0.358s] Level 1:colcon.colcon_core.package_discovery:discover_packages(recursive) using defaults
[0.358s] Level 1:colcon.colcon_core.package_discovery:discover_packages(ignore) discover
[0.358s] Level 1:colcon.colcon_core.package_discovery:discover_packages(ignore) using defaults
[0.358s] Level 1:colcon.colcon_core.package_discovery:discover_packages(path) discover
[0.358s] Level 1:colcon.colcon_core.package_discovery:discover_packages(path) using defaults
[0.385s] Level 1:colcon.colcon_core.package_discovery:discover_packages(prefix_path) check parameters
[0.385s] Level 1:colcon.colcon_core.package_discovery:discover_packages(prefix_path) discover
[0.388s] DEBUG:colcon.colcon_installed_package_information.package_discovery:Found 3 installed packages in /home/kowshikraj/robot_ws/install
[0.391s] DEBUG:colcon.colcon_installed_package_information.package_discovery:Found 494 installed packages in /opt/ros/jazzy
[0.394s] Level 1:colcon.colcon_core.package_discovery:discover_packages(prefix_path) using defaults
[0.491s] Level 5:colcon.colcon_core.verb:set package 'autonomous_mobile_robot' build argument 'cmake_args' from command line to 'None'
[0.491s] Level 5:colcon.colcon_core.verb:set package 'autonomous_mobile_robot' build argument 'cmake_target' from command line to 'None'
[0.491s] Level 5:colcon.colcon_core.verb:set package 'autonomous_mobile_robot' build argument 'cmake_target_skip_unavailable' from command line to 'False'
[0.491s] Level 5:colcon.colcon_core.verb:set package 'autonomous_mobile_robot' build argument 'cmake_clean_cache' from command line to 'False'
[0.491s] Level 5:colcon.colcon_core.verb:set package 'autonomous_mobile_robot' build argument 'cmake_clean_first' from command line to 'False'
[0.491s] Level 5:colcon.colcon_core.verb:set package 'autonomous_mobile_robot' build argument 'cmake_force_configure' from command line to 'False'
[0.491s] Level 5:colcon.colcon_core.verb:set package 'autonomous_mobile_robot' build argument 'ament_cmake_args' from command line to 'None'
[0.491s] Level 5:colcon.colcon_core.verb:set package 'autonomous_mobile_robot' build argument 'catkin_cmake_args' from command line to 'None'
[0.491s] Level 5:colcon.colcon_core.verb:set package 'autonomous_mobile_robot' build argument 'catkin_skip_building_tests' from command line to 'False'
[0.491s] DEBUG:colcon.colcon_core.verb:Building package 'autonomous_mobile_robot' with the following arguments: {'ament_cmake_args': None, 'build_base': '/home/kowshikraj/robot_ws/build/autonomous_mobile_robot', 'catkin_cmake_args': None, 'catkin_skip_building_tests': False, 'cmake_args': None, 'cmake_clean_cache': False, 'cmake_clean_first': False, 'cmake_force_configure': False, 'cmake_target': None, 'cmake_target_skip_unavailable': False, 'install_base': '/home/kowshikraj/robot_ws/install/autonomous_mobile_robot', 'merge_install': False, 'path': '/home/kowshikraj/robot_ws/src/autonomous_mobile_robot', 'symlink_install': True, 'test_result_base': None}
[0.492s] Level 5:colcon.colcon_core.verb:set package 'nav_goal_sender' build argument 'cmake_args' from command line to 'None'
[0.492s] Level 5:colcon.colcon_core.verb:set package 'nav_goal_sender' build argument 'cmake_target' from command line to 'None'
[0.492s] Level 5:colcon.colcon_core.verb:set package 'nav_goal_sender' build argument 'cmake_target_skip_unavailable' from command line to 'False'
[0.492s] Level 5:colcon.colcon_core.verb:set package 'nav_goal_sender' build argument 'cmake_clean_cache' from command line to 'False'
[0.492s] Level 5:colcon.colcon_core.verb:set package 'nav_goal_sender' build argument 'cmake_clean_first' from command line to 'False'
[0.492s] Level 5:colcon.colcon_core.verb:set package 'nav_goal_sender' build argument 'cmake_force_configure' from command line to 'False'
[0.492s] Level 5:colcon.colcon_core.verb:set package 'nav_goal_sender' build argument 'ament_cmake_args' from command line to 'None'
[0.492s] Level 5:colcon.colcon_core.verb:set package 'nav_goal_sender' build argument 'catkin_cmake_args' from command line to 'None'
[0.492s] Level 5:colcon.colcon_core.verb:set package 'nav_goal_sender' build argument 'catkin_skip_building_tests' from command line to 'False'
[0.492s] DEBUG:colcon.colcon_core.verb:Building package 'nav_goal_sender' with the following arguments: {'ament_cmake_args': None, 'build_base': '/home/kowshikraj/robot_ws/build/nav_goal_sender', 'catkin_cmake_args': None, 'catkin_skip_building_tests': False, 'cmake_args': None, 'cmake_clean_cache': False, 'cmake_clean_first': False, 'cmake_force_configure': False, 'cmake_target': None, 'cmake_target_skip_unavailable': False, 'install_base': '/home/kowshikraj/robot_ws/install/nav_goal_sender', 'merge_install': False, 'path': '/home/kowshikraj/robot_ws/src/nav_goal_sender', 'symlink_install': True, 'test_result_base': None}
[0.493s] Level 5:colcon.colcon_core.verb:set package 'obstacle_avoidance' build argument 'cmake_args' from command line to 'None'
[0.493s] Level 5:colcon.colcon_core.verb:set package 'obstacle_avoidance' build argument 'cmake_target' from command line to 'None'
[0.493s] Level 5:colcon.colcon_core.verb:set package 'obstacle_avoidance' build argument 'cmake_target_skip_unavailable' from command line to 'False'
[0.493s] Level 5:colcon.colcon_core.verb:set package 'obstacle_avoidance' build argument 'cmake_clean_cache' from command line to 'False'
[0.493s] Level 5:colcon.colcon_core.verb:set package 'obstacle_avoidance' build argument 'cmake_clean_first' from command line to 'False'
[0.493s] Level 5:colcon.colcon_core.verb:set package 'obstacle_avoidance' build argument 'cmake_force_configure' from command line to 'False'
[0.493s] Level 5:colcon.colcon_core.verb:set package 'obstacle_avoidance' build argument 'ament_cmake_args' from command line to 'None'
[0.493s] Level 5:colcon.colcon_core.verb:set package 'obstacle_avoidance' build argument 'catkin_cmake_args' from command line to 'None'
[0.493s] Level 5:colcon.colcon_core.verb:set package 'obstacle_avoidance' build argument 'catkin_skip_building_tests' from command line to 'False'
[0.493s] DEBUG:colcon.colcon_core.verb:Building package 'obstacle_avoidance' with the following arguments: {'ament_cmake_args': None, 'build_base': '/home/kowshikraj/robot_ws/build/obstacle_avoidance', 'catkin_cmake_args': None, 'catkin_skip_building_tests': False, 'cmake_args': None, 'cmake_clean_cache': False, 'cmake_clean_first': False, 'cmake_force_configure': False, 'cmake_target': None, 'cmake_target_skip_unavailable': False, 'install_base': '/home/kowshikraj/robot_ws/install/obstacle_avoidance', 'merge_install': False, 'path': '/home/kowshikraj/robot_ws/src/obstacle_avoidance', 'symlink_install': True, 'test_result_base': None}
[0.494s] INFO:colcon.colcon_core.executor:Executing jobs using 'parallel' executor
[0.496s] DEBUG:colcon.colcon_parallel_executor.executor.parallel:run_until_complete
[0.496s] INFO:colcon.colcon_ros.task.ament_cmake.build:Building ROS package in '/home/kowshikraj/robot_ws/src/autonomous_mobile_robot' with build type 'ament_cmake'
[0.497s] INFO:colcon.colcon_cmake.task.cmake.build:Building CMake package in '/home/kowshikraj/robot_ws/src/autonomous_mobile_robot'
[0.500s] INFO:colcon.colcon_core.plugin_system:Skipping extension 'colcon_core.shell.bat': Not used on non-Windows systems
[0.500s] INFO:colcon.colcon_core.shell:Skip shell extension 'powershell' for command environment: Not usable outside of PowerShell
[0.500s] DEBUG:colcon.colcon_core.shell:Skip shell extension 'dsv' for command environment
[0.506s] INFO:colcon.colcon_ros.task.ament_cmake.build:Building ROS package in '/home/kowshikraj/robot_ws/src/nav_goal_sender' with build type 'ament_cmake'
[0.506s] INFO:colcon.colcon_cmake.task.cmake.build:Building CMake package in '/home/kowshikraj/robot_ws/src/nav_goal_sender'
[0.507s] INFO:colcon.colcon_core.shell:Skip shell extension 'powershell' for command environment: Not usable outside of PowerShell
[0.507s] DEBUG:colcon.colcon_core.shell:Skip shell extension 'dsv' for command environment
[0.512s] INFO:colcon.colcon_ros.task.ament_python.build:Building ROS package in '/home/kowshikraj/robot_ws/src/obstacle_avoidance' with build type 'ament_python'
[0.513s] Level 1:colcon.colcon_core.shell:create_environment_hook('obstacle_avoidance', 'ament_prefix_path')
[0.514s] INFO:colcon.colcon_core.shell:Creating environment hook '/home/kowshikraj/robot_ws/install/obstacle_avoidance/share/obstacle_avoidance/hook/ament_prefix_path.ps1'
[0.515s] INFO:colcon.colcon_core.shell:Creating environment descriptor '/home/kowshikraj/robot_ws/install/obstacle_avoidance/share/obstacle_avoidance/hook/ament_prefix_path.dsv'
[0.516s] INFO:colcon.colcon_core.shell:Creating environment hook '/home/kowshikraj/robot_ws/install/obstacle_avoidance/share/obstacle_avoidance/hook/ament_prefix_path.sh'
[0.518s] INFO:colcon.colcon_core.shell:Skip shell extension 'powershell' for command environment: Not usable outside of PowerShell
[0.518s] DEBUG:colcon.colcon_core.shell:Skip shell extension 'dsv' for command environment
[0.537s] DEBUG:colcon.colcon_core.event_handler.log_command:Invoking command in '/home/kowshikraj/robot_ws/build/autonomous_mobile_robot': CMAKE_PREFIX_PATH=${CMAKE_PREFIX_PATH}:/home/kowshikraj/robot_ws/install/obstacle_avoidance:/opt/ros/jazzy /usr/bin/cmake --build /home/kowshikraj/robot_ws/build/autonomous_mobile_robot -- -j12 -l12
[0.548s] DEBUG:colcon.colcon_core.event_handler.log_command:Invoking command in '/home/kowshikraj/robot_ws/build/nav_goal_sender': CMAKE_PREFIX_PATH=${CMAKE_PREFIX_PATH}:/home/kowshikraj/robot_ws/install/obstacle_avoidance:/opt/ros/jazzy /usr/bin/cmake --build /home/kowshikraj/robot_ws/build/nav_goal_sender -- -j12 -l12
[0.991s] INFO:colcon.colcon_core.task.python.build:Building Python package in '/home/kowshikraj/robot_ws/src/obstacle_avoidance'
[0.991s] INFO:colcon.colcon_core.shell:Skip shell extension 'powershell' for command environment: Not usable outside of PowerShell
[0.992s] DEBUG:colcon.colcon_core.shell:Skip shell extension 'dsv' for command environment
[0.999s] DEBUG:colcon.colcon_core.event_handler.log_command:Invoked command in '/home/kowshikraj/robot_ws/build/autonomous_mobile_robot' returned '0': CMAKE_PREFIX_PATH=${CMAKE_PREFIX_PATH}:/home/kowshikraj/robot_ws/install/obstacle_avoidance:/opt/ros/jazzy /usr/bin/cmake --build /home/kowshikraj/robot_ws/build/autonomous_mobile_robot -- -j12 -l12
[1.014s] DEBUG:colcon.colcon_core.event_handler.log_command:Invoking command in '/home/kowshikraj/robot_ws/build/autonomous_mobile_robot': CMAKE_PREFIX_PATH=${CMAKE_PREFIX_PATH}:/home/kowshikraj/robot_ws/install/obstacle_avoidance:/opt/ros/jazzy /usr/bin/cmake --install /home/kowshikraj/robot_ws/build/autonomous_mobile_robot
[1.017s] DEBUG:colcon.colcon_core.event_handler.log_command:Invoked command in '/home/kowshikraj/robot_ws/build/nav_goal_sender' returned '0': CMAKE_PREFIX_PATH=${CMAKE_PREFIX_PATH}:/home/kowshikraj/robot_ws/install/obstacle_avoidance:/opt/ros/jazzy /usr/bin/cmake --build /home/kowshikraj/robot_ws/build/nav_goal_sender -- -j12 -l12
[1.019s] DEBUG:colcon.colcon_core.event_handler.log_command:Invoking command in '/home/kowshikraj/robot_ws/build/nav_goal_sender': CMAKE_PREFIX_PATH=${CMAKE_PREFIX_PATH}:/home/kowshikraj/robot_ws/install/obstacle_avoidance:/opt/ros/jazzy /usr/bin/cmake --install /home/kowshikraj/robot_ws/build/nav_goal_sender
[1.048s] Level 1:colcon.colcon_core.environment:create_environment_scripts_only(autonomous_mobile_robot)
[1.050s] DEBUG:colcon.colcon_core.event_handler.log_command:Invoked command in '/home/kowshikraj/robot_ws/build/autonomous_mobile_robot' returned '0': CMAKE_PREFIX_PATH=${CMAKE_PREFIX_PATH}:/home/kowshikraj/robot_ws/install/obstacle_avoidance:/opt/ros/jazzy /usr/bin/cmake --install /home/kowshikraj/robot_ws/build/autonomous_mobile_robot
[1.056s] Level 1:colcon.colcon_core.environment:checking '/home/kowshikraj/robot_ws/install/autonomous_mobile_robot' for CMake module files
[1.057s] Level 1:colcon.colcon_core.environment:checking '/home/kowshikraj/robot_ws/install/autonomous_mobile_robot' for CMake config files
[1.057s] Level 1:colcon.colcon_core.shell:create_environment_hook('autonomous_mobile_robot', 'cmake_prefix_path')
[1.058s] INFO:colcon.colcon_core.shell:Creating environment hook '/home/kowshikraj/robot_ws/install/autonomous_mobile_robot/share/autonomous_mobile_robot/hook/cmake_prefix_path.ps1'
[1.059s] INFO:colcon.colcon_core.shell:Creating environment descriptor '/home/kowshikraj/robot_ws/install/autonomous_mobile_robot/share/autonomous_mobile_robot/hook/cmake_prefix_path.dsv'
[1.059s] INFO:colcon.colcon_core.shell:Creating environment hook '/home/kowshikraj/robot_ws/install/autonomous_mobile_robot/share/autonomous_mobile_robot/hook/cmake_prefix_path.sh'
[1.060s] Level 1:colcon.colcon_core.environment:checking '/home/kowshikraj/robot_ws/install/autonomous_mobile_robot/lib'
[1.061s] Level 1:colcon.colcon_core.environment:checking '/home/kowshikraj/robot_ws/install/autonomous_mobile_robot/bin'
[1.061s] Level 1:colcon.colcon_core.environment:checking '/home/kowshikraj/robot_ws/install/autonomous_mobile_robot/lib/pkgconfig/autonomous_mobile_robot.pc'
[1.061s] Level 1:colcon.colcon_core.environment:checking '/home/kowshikraj/robot_ws/install/autonomous_mobile_robot/lib/python3.12/site-packages'
[1.061s] Level 1:colcon.colcon_core.environment:checking '/home/kowshikraj/robot_ws/install/autonomous_mobile_robot/bin'
[1.062s] INFO:colcon.colcon_core.shell:Creating package script '/home/kowshikraj/robot_ws/install/autonomous_mobile_robot/share/autonomous_mobile_robot/package.ps1'
[1.063s] INFO:colcon.colcon_core.shell:Creating package descriptor '/home/kowshikraj/robot_ws/install/autonomous_mobile_robot/share/autonomous_mobile_robot/package.dsv'
[1.064s] INFO:colcon.colcon_core.shell:Creating package script '/home/kowshikraj/robot_ws/install/autonomous_mobile_robot/share/autonomous_mobile_robot/package.sh'
[1.065s] INFO:colcon.colcon_core.shell:Creating package script '/home/kowshikraj/robot_ws/install/autonomous_mobile_robot/share/autonomous_mobile_robot/package.bash'
[1.065s] INFO:colcon.colcon_core.shell:Creating package script '/home/kowshikraj/robot_ws/install/autonomous_mobile_robot/share/autonomous_mobile_robot/package.zsh'
[1.066s] Level 1:colcon.colcon_core.environment:create_file_with_runtime_dependencies(/home/kowshikraj/robot_ws/install/autonomous_mobile_robot/share/colcon-core/packages/autonomous_mobile_robot)
[1.067s] Level 1:colcon.colcon_core.environment:create_environment_scripts_only(autonomous_mobile_robot)
[1.067s] Level 1:colcon.colcon_core.environment:checking '/home/kowshikraj/robot_ws/install/autonomous_mobile_robot' for CMake module files
[1.068s] Level 1:colcon.colcon_core.environment:checking '/home/kowshikraj/robot_ws/install/autonomous_mobile_robot' for CMake config files
[1.068s] Level 1:colcon.colcon_core.shell:create_environment_hook('autonomous_mobile_robot', 'cmake_prefix_path')
[1.069s] INFO:colcon.colcon_core.shell:Creating environment hook '/home/kowshikraj/robot_ws/install/autonomous_mobile_robot/share/autonomous_mobile_robot/hook/cmake_prefix_path.ps1'
[1.069s] INFO:colcon.colcon_core.shell:Creating environment descriptor '/home/kowshikraj/robot_ws/install/autonomous_mobile_robot/share/autonomous_mobile_robot/hook/cmake_prefix_path.dsv'
[1.070s] INFO:colcon.colcon_core.shell:Creating environment hook '/home/kowshikraj/robot_ws/install/autonomous_mobile_robot/share/autonomous_mobile_robot/hook/cmake_prefix_path.sh'
[1.071s] Level 1:colcon.colcon_core.environment:checking '/home/kowshikraj/robot_ws/install/autonomous_mobile_robot/lib'
[1.071s] Level 1:colcon.colcon_core.environment:checking '/home/kowshikraj/robot_ws/install/autonomous_mobile_robot/bin'
[1.071s] Level 1:colcon.colcon_core.environment:checking '/home/kowshikraj/robot_ws/install/autonomous_mobile_robot/lib/pkgconfig/autonomous_mobile_robot.pc'
[1.071s] Level 1:colcon.colcon_core.environment:checking '/home/kowshikraj/robot_ws/install/autonomous_mobile_robot/lib/python3.12/site-packages'
[1.072s] Level 1:colcon.colcon_core.environment:checking '/home/kowshikraj/robot_ws/install/autonomous_mobile_robot/bin'
[1.072s] INFO:colcon.colcon_core.shell:Creating package script '/home/kowshikraj/robot_ws/install/autonomous_mobile_robot/share/autonomous_mobile_robot/package.ps1'
[1.073s] INFO:colcon.colcon_core.shell:Creating package descriptor '/home/kowshikraj/robot_ws/install/autonomous_mobile_robot/share/autonomous_mobile_robot/package.dsv'
[1.074s] INFO:colcon.colcon_core.shell:Creating package script '/home/kowshikraj/robot_ws/install/autonomous_mobile_robot/share/autonomous_mobile_robot/package.sh'
[1.075s] INFO:colcon.colcon_core.shell:Creating package script '/home/kowshikraj/robot_ws/install/autonomous_mobile_robot/share/autonomous_mobile_robot/package.bash'
[1.075s] INFO:colcon.colcon_core.shell:Creating package script '/home/kowshikraj/robot_ws/install/autonomous_mobile_robot/share/autonomous_mobile_robot/package.zsh'
[1.076s] Level 1:colcon.colcon_core.environment:create_file_with_runtime_dependencies(/home/kowshikraj/robot_ws/install/autonomous_mobile_robot/share/colcon-core/packages/autonomous_mobile_robot)
[1.079s] Level 1:colcon.colcon_core.environment:create_environment_scripts_only(nav_goal_sender)
[1.079s] Level 1:colcon.colcon_core.environment:checking '/home/kowshikraj/robot_ws/install/nav_goal_sender' for CMake module files
[1.080s] DEBUG:colcon.colcon_core.event_handler.log_command:Invoked command in '/home/kowshikraj/robot_ws/build/nav_goal_sender' returned '0': CMAKE_PREFIX_PATH=${CMAKE_PREFIX_PATH}:/home/kowshikraj/robot_ws/install/obstacle_avoidance:/opt/ros/jazzy /usr/bin/cmake --install /home/kowshikraj/robot_ws/build/nav_goal_sender
[1.081s] Level 1:colcon.colcon_core.environment:checking '/home/kowshikraj/robot_ws/install/nav_goal_sender' for CMake config files
[1.081s] Level 1:colcon.colcon_core.shell:create_environment_hook('nav_goal_sender', 'cmake_prefix_path')
[1.082s] INFO:colcon.colcon_core.shell:Creating environment hook '/home/kowshikraj/robot_ws/install/nav_goal_sender/share/nav_goal_sender/hook/cmake_prefix_path.ps1'
[1.082s] INFO:colcon.colcon_core.shell:Creating environment descriptor '/home/kowshikraj/robot_ws/install/nav_goal_sender/share/nav_goal_sender/hook/cmake_prefix_path.dsv'
[1.083s] INFO:colcon.colcon_core.shell:Creating environment hook '/home/kowshikraj/robot_ws/install/nav_goal_sender/share/nav_goal_sender/hook/cmake_prefix_path.sh'
[1.084s] Level 1:colcon.colcon_core.environment:checking '/home/kowshikraj/robot_ws/install/nav_goal_sender/lib'
[1.084s] Level 1:colcon.colcon_core.environment:checking '/home/kowshikraj/robot_ws/install/nav_goal_sender/bin'
[1.084s] Level 1:colcon.colcon_core.environment:checking '/home/kowshikraj/robot_ws/install/nav_goal_sender/lib/pkgconfig/nav_goal_sender.pc'
[1.084s] Level 1:colcon.colcon_core.environment:checking '/home/kowshikraj/robot_ws/install/nav_goal_sender/lib/python3.12/site-packages'
[1.085s] Level 1:colcon.colcon_core.environment:checking '/home/kowshikraj/robot_ws/install/nav_goal_sender/bin'
[1.085s] INFO:colcon.colcon_core.shell:Creating package script '/home/kowshikraj/robot_ws/install/nav_goal_sender/share/nav_goal_sender/package.ps1'
[1.086s] INFO:colcon.colcon_core.shell:Creating package descriptor '/home/kowshikraj/robot_ws/install/nav_goal_sender/share/nav_goal_sender/package.dsv'
[1.087s] INFO:colcon.colcon_core.shell:Creating package script '/home/kowshikraj/robot_ws/install/nav_goal_sender/share/nav_goal_sender/package.sh'
[1.088s] INFO:colcon.colcon_core.shell:Creating package script '/home/kowshikraj/robot_ws/install/nav_goal_sender/share/nav_goal_sender/package.bash'
[1.089s] INFO:colcon.colcon_core.shell:Creating package script '/home/kowshikraj/robot_ws/install/nav_goal_sender/share/nav_goal_sender/package.zsh'
[1.089s] Level 1:colcon.colcon_core.environment:create_file_with_runtime_dependencies(/home/kowshikraj/robot_ws/install/nav_goal_sender/share/colcon-core/packages/nav_goal_sender)
[1.090s] Level 1:colcon.colcon_core.environment:create_environment_scripts_only(nav_goal_sender)
[1.090s] Level 1:colcon.colcon_core.environment:checking '/home/kowshikraj/robot_ws/install/nav_goal_sender' for CMake module files
[1.092s] Level 1:colcon.colcon_core.environment:checking '/home/kowshikraj/robot_ws/install/nav_goal_sender' for CMake config files
[1.092s] Level 1:colcon.colcon_core.shell:create_environment_hook('nav_goal_sender', 'cmake_prefix_path')
[1.093s] INFO:colcon.colcon_core.shell:Creating environment hook '/home/kowshikraj/robot_ws/install/nav_goal_sender/share/nav_goal_sender/hook/cmake_prefix_path.ps1'
[1.095s] INFO:colcon.colcon_core.shell:Creating environment descriptor '/home/kowshikraj/robot_ws/install/nav_goal_sender/share/nav_goal_sender/hook/cmake_prefix_path.dsv'
[1.096s] INFO:colcon.colcon_core.shell:Creating environment hook '/home/kowshikraj/robot_ws/install/nav_goal_sender/share/nav_goal_sender/hook/cmake_prefix_path.sh'
[1.098s] Level 1:colcon.colcon_core.environment:checking '/home/kowshikraj/robot_ws/install/nav_goal_sender/lib'
[1.098s] Level 1:colcon.colcon_core.environment:checking '/home/kowshikraj/robot_ws/install/nav_goal_sender/bin'
[1.098s] Level 1:colcon.colcon_core.environment:checking '/home/kowshikraj/robot_ws/install/nav_goal_sender/lib/pkgconfig/nav_goal_sender.pc'
[1.098s] Level 1:colcon.colcon_core.environment:checking '/home/kowshikraj/robot_ws/install/nav_goal_sender/lib/python3.12/site-packages'
[1.099s] Level 1:colcon.colcon_core.environment:checking '/home/kowshikraj/robot_ws/install/nav_goal_sender/bin'
[1.100s] INFO:colcon.colcon_core.shell:Creating package script '/home/kowshikraj/robot_ws/install/nav_goal_sender/share/nav_goal_sender/package.ps1'
[1.101s] INFO:colcon.colcon_core.shell:Creating package descriptor '/home/kowshikraj/robot_ws/install/nav_goal_sender/share/nav_goal_sender/package.dsv'
[1.102s] INFO:colcon.colcon_core.shell:Creating package script '/home/kowshikraj/robot_ws/install/nav_goal_sender/share/nav_goal_sender/package.sh'
[1.102s] INFO:colcon.colcon_core.shell:Creating package script '/home/kowshikraj/robot_ws/install/nav_goal_sender/share/nav_goal_sender/package.bash'
[1.103s] INFO:colcon.colcon_core.shell:Creating package script '/home/kowshikraj/robot_ws/install/nav_goal_sender/share/nav_goal_sender/package.zsh'
[1.104s] Level 1:colcon.colcon_core.environment:create_file_with_runtime_dependencies(/home/kowshikraj/robot_ws/install/nav_goal_sender/share/colcon-core/packages/nav_goal_sender)
[1.860s] DEBUG:colcon.colcon_core.event_handler.log_command:Invoking command in '/home/kowshikraj/robot_ws/build/obstacle_avoidance': PYTHONPATH=/home/kowshikraj/robot_ws/build/obstacle_avoidance/prefix_override:/usr/lib/python3/dist-packages/colcon_core/task/python/colcon_distutils_commands:/home/kowshikraj/robot_ws/install/obstacle_avoidance/lib/python3.12/site-packages:${PYTHONPATH} /usr/bin/python3 -W ignore:setup.py install is deprecated -W ignore:easy_install command is deprecated setup.py develop --editable --build-directory /home/kowshikraj/robot_ws/build/obstacle_avoidance/build --no-deps symlink_data
[2.779s] Level 1:colcon.colcon_core.shell:create_environment_hook('obstacle_avoidance', 'pythonpath_develop')
[2.780s] INFO:colcon.colcon_core.shell:Creating environment hook '/home/kowshikraj/robot_ws/build/obstacle_avoidance/share/obstacle_avoidance/hook/pythonpath_develop.ps1'
[2.781s] DEBUG:colcon.colcon_core.event_handler.log_command:Invoked command in '/home/kowshikraj/robot_ws/build/obstacle_avoidance' returned '0': PYTHONPATH=/home/kowshikraj/robot_ws/build/obstacle_avoidance/prefix_override:/usr/lib/python3/dist-packages/colcon_core/task/python/colcon_distutils_commands:/home/kowshikraj/robot_ws/install/obstacle_avoidance/lib/python3.12/site-packages:${PYTHONPATH} /usr/bin/python3 -W ignore:setup.py install is deprecated -W ignore:easy_install command is deprecated setup.py develop --editable --build-directory /home/kowshikraj/robot_ws/build/obstacle_avoidance/build --no-deps symlink_data
[2.781s] INFO:colcon.colcon_core.shell:Creating environment descriptor '/home/kowshikraj/robot_ws/build/obstacle_avoidance/share/obstacle_avoidance/hook/pythonpath_develop.dsv'
[2.781s] INFO:colcon.colcon_core.shell:Creating environment hook '/home/kowshikraj/robot_ws/build/obstacle_avoidance/share/obstacle_avoidance/hook/pythonpath_develop.sh'
[2.782s] Level 1:colcon.colcon_core.environment:checking '/home/kowshikraj/robot_ws/install/obstacle_avoidance' for CMake module files
[2.783s] Level 1:colcon.colcon_core.environment:checking '/home/kowshikraj/robot_ws/install/obstacle_avoidance' for CMake config files
[2.783s] Level 1:colcon.colcon_core.environment:checking '/home/kowshikraj/robot_ws/install/obstacle_avoidance/lib'
[2.783s] Level 1:colcon.colcon_core.environment:checking '/home/kowshikraj/robot_ws/install/obstacle_avoidance/bin'
[2.783s] Level 1:colcon.colcon_core.environment:checking '/home/kowshikraj/robot_ws/install/obstacle_avoidance/lib/pkgconfig/obstacle_avoidance.pc'
[2.784s] Level 1:colcon.colcon_core.environment:checking '/home/kowshikraj/robot_ws/install/obstacle_avoidance/lib/python3.12/site-packages'
[2.784s] Level 1:colcon.colcon_core.shell:create_environment_hook('obstacle_avoidance', 'pythonpath')
[2.784s] INFO:colcon.colcon_core.shell:Creating environment hook '/home/kowshikraj/robot_ws/install/obstacle_avoidance/share/obstacle_avoidance/hook/pythonpath.ps1'
[2.785s] INFO:colcon.colcon_core.shell:Creating environment descriptor '/home/kowshikraj/robot_ws/install/obstacle_avoidance/share/obstacle_avoidance/hook/pythonpath.dsv'
[2.785s] INFO:colcon.colcon_core.shell:Creating environment hook '/home/kowshikraj/robot_ws/install/obstacle_avoidance/share/obstacle_avoidance/hook/pythonpath.sh'
[2.786s] Level 1:colcon.colcon_core.environment:checking '/home/kowshikraj/robot_ws/install/obstacle_avoidance/bin'
[2.786s] Level 1:colcon.colcon_core.environment:create_environment_scripts_only(obstacle_avoidance)
[2.787s] INFO:colcon.colcon_core.shell:Creating package script '/home/kowshikraj/robot_ws/install/obstacle_avoidance/share/obstacle_avoidance/package.ps1'
[2.788s] INFO:colcon.colcon_core.shell:Creating package descriptor '/home/kowshikraj/robot_ws/install/obstacle_avoidance/share/obstacle_avoidance/package.dsv'
[2.788s] INFO:colcon.colcon_core.shell:Creating package script '/home/kowshikraj/robot_ws/install/obstacle_avoidance/share/obstacle_avoidance/package.sh'
[2.789s] INFO:colcon.colcon_core.shell:Creating package script '/home/kowshikraj/robot_ws/install/obstacle_avoidance/share/obstacle_avoidance/package.bash'
[2.789s] INFO:colcon.colcon_core.shell:Creating package script '/home/kowshikraj/robot_ws/install/obstacle_avoidance/share/obstacle_avoidance/package.zsh'
[2.790s] Level 1:colcon.colcon_core.environment:create_file_with_runtime_dependencies(/home/kowshikraj/robot_ws/install/obstacle_avoidance/share/colcon-core/packages/obstacle_avoidance)
[2.790s] DEBUG:colcon.colcon_parallel_executor.executor.parallel:closing loop
[2.791s] DEBUG:colcon.colcon_parallel_executor.executor.parallel:loop closed
[2.792s] DEBUG:colcon.colcon_parallel_executor.executor.parallel:run_until_complete finished with '0'
[2.792s] DEBUG:colcon.colcon_core.event_reactor:joining thread
[2.859s] INFO:colcon.colcon_core.plugin_system:Skipping extension 'colcon_notification.desktop_notification.notify_send': Could not find 'notify-send'
[2.859s] INFO:colcon.colcon_core.plugin_system:Skipping extension 'colcon_notification.desktop_notification.terminal_notifier': Not used on non-Darwin systems
[2.859s] INFO:colcon.colcon_core.plugin_system:Skipping extension 'colcon_notification.desktop_notification.win32': Not used on non-Windows systems
[2.859s] INFO:colcon.colcon_notification.desktop_notification:Sending desktop notification using 'notify2'
[2.861s] DEBUG:colcon.colcon_notification.desktop_notification.notify2:Failed to initialize notify2: org.freedesktop.DBus.Error.ServiceUnknown: The name org.freedesktop.Notifications was not provided by any .service files
[2.861s] DEBUG:colcon.colcon_core.event_reactor:joined thread
[2.861s] INFO:colcon.colcon_core.shell:Creating prefix script '/home/kowshikraj/robot_ws/install/local_setup.ps1'
[2.862s] INFO:colcon.colcon_core.shell:Creating prefix util module '/home/kowshikraj/robot_ws/install/_local_setup_util_ps1.py'
[2.864s] INFO:colcon.colcon_core.shell:Creating prefix chain script '/home/kowshikraj/robot_ws/install/setup.ps1'
[2.865s] INFO:colcon.colcon_core.shell:Creating prefix script '/home/kowshikraj/robot_ws/install/local_setup.sh'
[2.866s] INFO:colcon.colcon_core.shell:Creating prefix util module '/home/kowshikraj/robot_ws/install/_local_setup_util_sh.py'
[2.866s] INFO:colcon.colcon_core.shell:Creating prefix chain script '/home/kowshikraj/robot_ws/install/setup.sh'
[2.868s] INFO:colcon.colcon_core.shell:Creating prefix script '/home/kowshikraj/robot_ws/install/local_setup.bash'
[2.868s] INFO:colcon.colcon_core.shell:Creating prefix chain script '/home/kowshikraj/robot_ws/install/setup.bash'
[2.869s] INFO:colcon.colcon_core.shell:Creating prefix script '/home/kowshikraj/robot_ws/install/local_setup.zsh'
[2.870s] INFO:colcon.colcon_core.shell:Creating prefix chain script '/home/kowshikraj/robot_ws/install/setup.zsh'
